
code.elf:     file format elf32-littleriscv


Disassembly of section .text:

00000000 <reset_vec>:
   0:	0040006f          	j	4 <start>

00000004 <start>:
   4:	00002137          	lui	sp,0x2
   8:	00002517          	auipc	a0,0x2
   c:	bf850513          	addi	a0,a0,-1032 # 1c00 <a.0>
  10:	00001597          	auipc	a1,0x1
  14:	c2858593          	addi	a1,a1,-984 # c38 <_etext>
  18:	00002617          	auipc	a2,0x2
  1c:	bec60613          	addi	a2,a2,-1044 # 1c04 <udat>
  20:	00c55c63          	bge	a0,a2,38 <end_init_data>

00000024 <loop_init_data>:
  24:	0005a683          	lw	a3,0(a1)
  28:	00d52023          	sw	a3,0(a0)
  2c:	00450513          	addi	a0,a0,4
  30:	00458593          	addi	a1,a1,4
  34:	fec548e3          	blt	a0,a2,24 <loop_init_data>

00000038 <end_init_data>:
  38:	00002517          	auipc	a0,0x2
  3c:	bcc50513          	addi	a0,a0,-1076 # 1c04 <udat>
  40:	00002597          	auipc	a1,0x2
  44:	be858593          	addi	a1,a1,-1048 # 1c28 <_ebss>
  48:	00b55863          	bge	a0,a1,58 <end_init_bss>

0000004c <loop_init_bss>:
  4c:	00052023          	sw	zero,0(a0)
  50:	00450513          	addi	a0,a0,4
  54:	feb54ce3          	blt	a0,a1,4c <loop_init_bss>

00000058 <end_init_bss>:
  58:	018000ef          	jal	ra,70 <test_mult>
  5c:	055000ef          	jal	ra,8b0 <main>

00000060 <loop>:
  60:	0000006f          	j	60 <loop>

00000064 <delay_loop>:
  64:	fff50513          	addi	a0,a0,-1
  68:	fe051ee3          	bnez	a0,64 <delay_loop>
  6c:	00008067          	ret

00000070 <test_mult>:
  70:	00500293          	li	t0,5
  74:	00700313          	li	t1,7
  78:	026283b3          	mul	t2,t0,t1
  7c:	02629533          	mulh	a0,t0,t1
  80:	0262a5b3          	mulhsu	a1,t0,t1
  84:	0262b633          	mulhu	a2,t0,t1
  88:	ffb00293          	li	t0,-5
  8c:	00700313          	li	t1,7
  90:	026283b3          	mul	t2,t0,t1
  94:	02629533          	mulh	a0,t0,t1
  98:	0262a5b3          	mulhsu	a1,t0,t1
  9c:	0262b633          	mulhu	a2,t0,t1
  a0:	00500293          	li	t0,5
  a4:	ff900313          	li	t1,-7
  a8:	026283b3          	mul	t2,t0,t1
  ac:	02629533          	mulh	a0,t0,t1
  b0:	0262a5b3          	mulhsu	a1,t0,t1
  b4:	0262b633          	mulhu	a2,t0,t1
  b8:	ffb00293          	li	t0,-5
  bc:	ff900313          	li	t1,-7
  c0:	026283b3          	mul	t2,t0,t1
  c4:	02629533          	mulh	a0,t0,t1
  c8:	0262a5b3          	mulhsu	a1,t0,t1
  cc:	0262b633          	mulhu	a2,t0,t1
  d0:	123452b7          	lui	t0,0x12345
  d4:	67828293          	addi	t0,t0,1656 # 12345678 <_ebss+0x12343a50>
  d8:	87654337          	lui	t1,0x87654
  dc:	32130313          	addi	t1,t1,801 # 87654321 <_ebss+0x876526f9>
  e0:	026283b3          	mul	t2,t0,t1
  e4:	02629533          	mulh	a0,t0,t1
  e8:	0262a5b3          	mulhsu	a1,t0,t1
  ec:	0262b633          	mulhu	a2,t0,t1
  f0:	800002b7          	lui	t0,0x80000
  f4:	fff28293          	addi	t0,t0,-1 # 7fffffff <_ebss+0x7fffe3d7>
  f8:	00200313          	li	t1,2
  fc:	026283b3          	mul	t2,t0,t1
 100:	02629533          	mulh	a0,t0,t1
 104:	0262a5b3          	mulhsu	a1,t0,t1
 108:	0262b633          	mulhu	a2,t0,t1
 10c:	800002b7          	lui	t0,0x80000
 110:	00200313          	li	t1,2
 114:	026283b3          	mul	t2,t0,t1
 118:	02629533          	mulh	a0,t0,t1
 11c:	0262a5b3          	mulhsu	a1,t0,t1
 120:	0262b633          	mulhu	a2,t0,t1
 124:	00100293          	li	t0,1
 128:	00100313          	li	t1,1
 12c:	026283b3          	mul	t2,t0,t1
 130:	02629533          	mulh	a0,t0,t1
 134:	0262a5b3          	mulhsu	a1,t0,t1
 138:	0262b633          	mulhu	a2,t0,t1
 13c:	00000293          	li	t0,0
 140:	02a00313          	li	t1,42
 144:	026283b3          	mul	t2,t0,t1
 148:	02629533          	mulh	a0,t0,t1
 14c:	0262a5b3          	mulhsu	a1,t0,t1
 150:	0262b633          	mulhu	a2,t0,t1
 154:	fff00293          	li	t0,-1
 158:	00200313          	li	t1,2
 15c:	026283b3          	mul	t2,t0,t1
 160:	02629533          	mulh	a0,t0,t1
 164:	0262a5b3          	mulhsu	a1,t0,t1
 168:	0262b633          	mulhu	a2,t0,t1
 16c:	00008067          	ret

00000170 <irq2_handler>:
 170:	ff010113          	addi	sp,sp,-16 # 1ff0 <_ebss+0x3c8>
 174:	00e12223          	sw	a4,4(sp)
 178:	00002737          	lui	a4,0x2
 17c:	00d12423          	sw	a3,8(sp)
 180:	c2474683          	lbu	a3,-988(a4) # 1c24 <wrix>
 184:	00f12023          	sw	a5,0(sp)
 188:	00c12623          	sw	a2,12(sp)
 18c:	00168793          	addi	a5,a3,1
 190:	0ff7f793          	zext.b	a5,a5
 194:	c2f70223          	sb	a5,-988(a4)
 198:	e00007b7          	lui	a5,0xe0000
 19c:	0007c603          	lbu	a2,0(a5) # e0000000 <_ebss+0xdfffe3d8>
 1a0:	000027b7          	lui	a5,0x2
 1a4:	c0478793          	addi	a5,a5,-1020 # 1c04 <udat>
 1a8:	00d787b3          	add	a5,a5,a3
 1ac:	00c78023          	sb	a2,0(a5)
 1b0:	c2474783          	lbu	a5,-988(a4)
 1b4:	00c12603          	lw	a2,12(sp)
 1b8:	00812683          	lw	a3,8(sp)
 1bc:	01f7f793          	andi	a5,a5,31
 1c0:	c2f70223          	sb	a5,-988(a4)
 1c4:	00412703          	lw	a4,4(sp)
 1c8:	00012783          	lw	a5,0(sp)
 1cc:	01010113          	addi	sp,sp,16
 1d0:	30200073          	mret

000001d4 <irq3_handler>:
 1d4:	ff410113          	addi	sp,sp,-12
 1d8:	00e12223          	sw	a4,4(sp)
 1dc:	00002737          	lui	a4,0x2
 1e0:	00f12023          	sw	a5,0(sp)
 1e4:	c0074783          	lbu	a5,-1024(a4) # 1c00 <a.0>
 1e8:	00d12423          	sw	a3,8(sp)
 1ec:	e00006b7          	lui	a3,0xe0000
 1f0:	00f68023          	sb	a5,0(a3) # e0000000 <_ebss+0xdfffe3d8>
 1f4:	00178793          	addi	a5,a5,1
 1f8:	0ff7f693          	zext.b	a3,a5
 1fc:	01879793          	slli	a5,a5,0x18
 200:	4187d793          	srai	a5,a5,0x18
 204:	0007d463          	bgez	a5,20c <irq3_handler+0x38>
 208:	02000693          	li	a3,32
 20c:	c0d70023          	sb	a3,-1024(a4)
 210:	00012783          	lw	a5,0(sp)
 214:	00812683          	lw	a3,8(sp)
 218:	00412703          	lw	a4,4(sp)
 21c:	00c10113          	addi	sp,sp,12
 220:	30200073          	mret

00000224 <_putch>:
 224:	e0000737          	lui	a4,0xe0000
 228:	00472783          	lw	a5,4(a4) # e0000004 <_ebss+0xdfffe3dc>
 22c:	0027f793          	andi	a5,a5,2
 230:	fe078ce3          	beqz	a5,228 <_putch+0x4>
 234:	0ff57513          	zext.b	a0,a0
 238:	00a70023          	sb	a0,0(a4)
 23c:	00008067          	ret

00000240 <printchar>:
 240:	00050793          	mv	a5,a0
 244:	00058513          	mv	a0,a1
 248:	00078e63          	beqz	a5,264 <printchar+0x24>
 24c:	0007a703          	lw	a4,0(a5)
 250:	00b70023          	sb	a1,0(a4)
 254:	0007a703          	lw	a4,0(a5)
 258:	00170713          	addi	a4,a4,1
 25c:	00e7a023          	sw	a4,0(a5)
 260:	00008067          	ret
 264:	fc1ff06f          	j	224 <_putch>

00000268 <prints>:
 268:	fe410113          	addi	sp,sp,-28
 26c:	00912823          	sw	s1,16(sp)
 270:	00112c23          	sw	ra,24(sp)
 274:	00812a23          	sw	s0,20(sp)
 278:	00a12223          	sw	a0,4(sp)
 27c:	00058493          	mv	s1,a1
 280:	02000793          	li	a5,32
 284:	02c05c63          	blez	a2,2bc <prints+0x54>
 288:	00000793          	li	a5,0
 28c:	0080006f          	j	294 <prints+0x2c>
 290:	00178793          	addi	a5,a5,1
 294:	00f48733          	add	a4,s1,a5
 298:	00074703          	lbu	a4,0(a4)
 29c:	fe071ae3          	bnez	a4,290 <prints+0x28>
 2a0:	02c7da63          	bge	a5,a2,2d4 <prints+0x6c>
 2a4:	40f60633          	sub	a2,a2,a5
 2a8:	02000713          	li	a4,32
 2ac:	0026f793          	andi	a5,a3,2
 2b0:	00e12023          	sw	a4,0(sp)
 2b4:	00078663          	beqz	a5,2c0 <prints+0x58>
 2b8:	03000793          	li	a5,48
 2bc:	00f12023          	sw	a5,0(sp)
 2c0:	0016f693          	andi	a3,a3,1
 2c4:	00000793          	li	a5,0
 2c8:	04069063          	bnez	a3,308 <prints+0xa0>
 2cc:	00060413          	mv	s0,a2
 2d0:	0240006f          	j	2f4 <prints+0x8c>
 2d4:	00000613          	li	a2,0
 2d8:	fd1ff06f          	j	2a8 <prints+0x40>
 2dc:	00012583          	lw	a1,0(sp)
 2e0:	00412503          	lw	a0,4(sp)
 2e4:	00c12423          	sw	a2,8(sp)
 2e8:	fff40413          	addi	s0,s0,-1
 2ec:	f55ff0ef          	jal	ra,240 <printchar>
 2f0:	00812603          	lw	a2,8(sp)
 2f4:	fe8044e3          	bgtz	s0,2dc <prints+0x74>
 2f8:	00060793          	mv	a5,a2
 2fc:	00065463          	bgez	a2,304 <prints+0x9c>
 300:	00000793          	li	a5,0
 304:	40f60633          	sub	a2,a2,a5
 308:	00078413          	mv	s0,a5
 30c:	0200006f          	j	32c <prints+0xc4>
 310:	00412503          	lw	a0,4(sp)
 314:	00c12623          	sw	a2,12(sp)
 318:	00f12423          	sw	a5,8(sp)
 31c:	f25ff0ef          	jal	ra,240 <printchar>
 320:	00812783          	lw	a5,8(sp)
 324:	00c12603          	lw	a2,12(sp)
 328:	00140413          	addi	s0,s0,1
 32c:	40f406b3          	sub	a3,s0,a5
 330:	00d486b3          	add	a3,s1,a3
 334:	0006c583          	lbu	a1,0(a3)
 338:	fc059ce3          	bnez	a1,310 <prints+0xa8>
 33c:	00060493          	mv	s1,a2
 340:	02904263          	bgtz	s1,364 <prints+0xfc>
 344:	00065463          	bgez	a2,34c <prints+0xe4>
 348:	00000613          	li	a2,0
 34c:	01812083          	lw	ra,24(sp)
 350:	00860533          	add	a0,a2,s0
 354:	01412403          	lw	s0,20(sp)
 358:	01012483          	lw	s1,16(sp)
 35c:	01c10113          	addi	sp,sp,28
 360:	00008067          	ret
 364:	00012583          	lw	a1,0(sp)
 368:	00412503          	lw	a0,4(sp)
 36c:	00c12423          	sw	a2,8(sp)
 370:	fff48493          	addi	s1,s1,-1
 374:	ecdff0ef          	jal	ra,240 <printchar>
 378:	00812603          	lw	a2,8(sp)
 37c:	fc5ff06f          	j	340 <prints+0xd8>

00000380 <printi>:
 380:	fdc10113          	addi	sp,sp,-36
 384:	00912c23          	sw	s1,24(sp)
 388:	02112023          	sw	ra,32(sp)
 38c:	00812e23          	sw	s0,28(sp)
 390:	00a12023          	sw	a0,0(sp)
 394:	00060313          	mv	t1,a2
 398:	00068493          	mv	s1,a3
 39c:	00070613          	mv	a2,a4
 3a0:	00078693          	mv	a3,a5
 3a4:	02059463          	bnez	a1,3cc <printi+0x4c>
 3a8:	03000793          	li	a5,48
 3ac:	00c10593          	addi	a1,sp,12
 3b0:	00f11623          	sh	a5,12(sp)
 3b4:	eb5ff0ef          	jal	ra,268 <prints>
 3b8:	02012083          	lw	ra,32(sp)
 3bc:	01c12403          	lw	s0,28(sp)
 3c0:	01812483          	lw	s1,24(sp)
 3c4:	02410113          	addi	sp,sp,36
 3c8:	00008067          	ret
 3cc:	00048a63          	beqz	s1,3e0 <printi+0x60>
 3d0:	00a00793          	li	a5,10
 3d4:	08f31263          	bne	t1,a5,458 <printi+0xd8>
 3d8:	0805d063          	bgez	a1,458 <printi+0xd8>
 3dc:	40b005b3          	neg	a1,a1
 3e0:	02412783          	lw	a5,36(sp)
 3e4:	00010ba3          	sb	zero,23(sp)
 3e8:	01710513          	addi	a0,sp,23
 3ec:	00900393          	li	t2,9
 3f0:	fc678793          	addi	a5,a5,-58
 3f4:	0265f733          	remu	a4,a1,t1
 3f8:	00e3f463          	bgeu	t2,a4,400 <printi+0x80>
 3fc:	00f70733          	add	a4,a4,a5
 400:	03070713          	addi	a4,a4,48
 404:	fee50fa3          	sb	a4,-1(a0)
 408:	fff50413          	addi	s0,a0,-1
 40c:	0265d733          	divu	a4,a1,t1
 410:	0465f863          	bgeu	a1,t1,460 <printi+0xe0>
 414:	02048863          	beqz	s1,444 <printi+0xc4>
 418:	04060a63          	beqz	a2,46c <printi+0xec>
 41c:	0026f793          	andi	a5,a3,2
 420:	04078663          	beqz	a5,46c <printi+0xec>
 424:	00012503          	lw	a0,0(sp)
 428:	02d00593          	li	a1,45
 42c:	00d12423          	sw	a3,8(sp)
 430:	00c12223          	sw	a2,4(sp)
 434:	e0dff0ef          	jal	ra,240 <printchar>
 438:	00412603          	lw	a2,4(sp)
 43c:	00812683          	lw	a3,8(sp)
 440:	fff60613          	addi	a2,a2,-1
 444:	00012503          	lw	a0,0(sp)
 448:	00040593          	mv	a1,s0
 44c:	e1dff0ef          	jal	ra,268 <prints>
 450:	00950533          	add	a0,a0,s1
 454:	f65ff06f          	j	3b8 <printi+0x38>
 458:	00000493          	li	s1,0
 45c:	f85ff06f          	j	3e0 <printi+0x60>
 460:	00070593          	mv	a1,a4
 464:	00040513          	mv	a0,s0
 468:	f8dff06f          	j	3f4 <printi+0x74>
 46c:	02d00793          	li	a5,45
 470:	fef40fa3          	sb	a5,-1(s0)
 474:	00000493          	li	s1,0
 478:	ffe50413          	addi	s0,a0,-2
 47c:	fc9ff06f          	j	444 <printi+0xc4>

00000480 <print>:
 480:	fe010113          	addi	sp,sp,-32
 484:	00812c23          	sw	s0,24(sp)
 488:	00912a23          	sw	s1,20(sp)
 48c:	00112e23          	sw	ra,28(sp)
 490:	00a12223          	sw	a0,4(sp)
 494:	00058313          	mv	t1,a1
 498:	00060413          	mv	s0,a2
 49c:	00000493          	li	s1,0
 4a0:	00034783          	lbu	a5,0(t1)
 4a4:	02079663          	bnez	a5,4d0 <print+0x50>
 4a8:	00412783          	lw	a5,4(sp)
 4ac:	00078663          	beqz	a5,4b8 <print+0x38>
 4b0:	0007a783          	lw	a5,0(a5)
 4b4:	00078023          	sb	zero,0(a5)
 4b8:	01c12083          	lw	ra,28(sp)
 4bc:	01812403          	lw	s0,24(sp)
 4c0:	00048513          	mv	a0,s1
 4c4:	01412483          	lw	s1,20(sp)
 4c8:	02010113          	addi	sp,sp,32
 4cc:	00008067          	ret
 4d0:	02500713          	li	a4,37
 4d4:	1ae79063          	bne	a5,a4,674 <print+0x1f4>
 4d8:	00134683          	lbu	a3,1(t1)
 4dc:	fc0686e3          	beqz	a3,4a8 <print+0x28>
 4e0:	00130713          	addi	a4,t1,1
 4e4:	18f68663          	beq	a3,a5,670 <print+0x1f0>
 4e8:	02d00613          	li	a2,45
 4ec:	00000793          	li	a5,0
 4f0:	00c69663          	bne	a3,a2,4fc <print+0x7c>
 4f4:	00230713          	addi	a4,t1,2
 4f8:	00100793          	li	a5,1
 4fc:	00070313          	mv	t1,a4
 500:	03000713          	li	a4,48
 504:	00034683          	lbu	a3,0(t1)
 508:	00130613          	addi	a2,t1,1
 50c:	04e68e63          	beq	a3,a4,568 <print+0xe8>
 510:	00000713          	li	a4,0
 514:	00900293          	li	t0,9
 518:	00a00393          	li	t2,10
 51c:	00034683          	lbu	a3,0(t1)
 520:	00130513          	addi	a0,t1,1
 524:	fd068613          	addi	a2,a3,-48
 528:	0ff67593          	zext.b	a1,a2
 52c:	04b2f463          	bgeu	t0,a1,574 <print+0xf4>
 530:	07300613          	li	a2,115
 534:	04c69863          	bne	a3,a2,584 <print+0x104>
 538:	00042583          	lw	a1,0(s0)
 53c:	00440393          	addi	t2,s0,4
 540:	00059663          	bnez	a1,54c <print+0xcc>
 544:	000015b7          	lui	a1,0x1
 548:	a3c58593          	addi	a1,a1,-1476 # a3c <main+0x18c>
 54c:	00612623          	sw	t1,12(sp)
 550:	00712423          	sw	t2,8(sp)
 554:	00078693          	mv	a3,a5
 558:	00070613          	mv	a2,a4
 55c:	00412503          	lw	a0,4(sp)
 560:	d09ff0ef          	jal	ra,268 <prints>
 564:	0500006f          	j	5b4 <print+0x134>
 568:	0027e793          	ori	a5,a5,2
 56c:	00060313          	mv	t1,a2
 570:	f95ff06f          	j	504 <print+0x84>
 574:	02770733          	mul	a4,a4,t2
 578:	00050313          	mv	t1,a0
 57c:	00e60733          	add	a4,a2,a4
 580:	f9dff06f          	j	51c <print+0x9c>
 584:	06400613          	li	a2,100
 588:	04c69263          	bne	a3,a2,5cc <print+0x14c>
 58c:	06100693          	li	a3,97
 590:	00440393          	addi	t2,s0,4
 594:	00042583          	lw	a1,0(s0)
 598:	00612623          	sw	t1,12(sp)
 59c:	00d12023          	sw	a3,0(sp)
 5a0:	00712423          	sw	t2,8(sp)
 5a4:	00100693          	li	a3,1
 5a8:	00a00613          	li	a2,10
 5ac:	00412503          	lw	a0,4(sp)
 5b0:	dd1ff0ef          	jal	ra,380 <printi>
 5b4:	00812383          	lw	t2,8(sp)
 5b8:	00c12303          	lw	t1,12(sp)
 5bc:	00a484b3          	add	s1,s1,a0
 5c0:	00038413          	mv	s0,t2
 5c4:	00130313          	addi	t1,t1,1
 5c8:	ed9ff06f          	j	4a0 <print+0x20>
 5cc:	07800613          	li	a2,120
 5d0:	02c69463          	bne	a3,a2,5f8 <print+0x178>
 5d4:	00042583          	lw	a1,0(s0)
 5d8:	00440393          	addi	t2,s0,4
 5dc:	00612623          	sw	t1,12(sp)
 5e0:	00712423          	sw	t2,8(sp)
 5e4:	06100693          	li	a3,97
 5e8:	00d12023          	sw	a3,0(sp)
 5ec:	01000613          	li	a2,16
 5f0:	00000693          	li	a3,0
 5f4:	fb9ff06f          	j	5ac <print+0x12c>
 5f8:	05800613          	li	a2,88
 5fc:	00c69e63          	bne	a3,a2,618 <print+0x198>
 600:	00440393          	addi	t2,s0,4
 604:	00042583          	lw	a1,0(s0)
 608:	00612623          	sw	t1,12(sp)
 60c:	00712423          	sw	t2,8(sp)
 610:	04100693          	li	a3,65
 614:	fd5ff06f          	j	5e8 <print+0x168>
 618:	07500613          	li	a2,117
 61c:	02c69263          	bne	a3,a2,640 <print+0x1c0>
 620:	06100693          	li	a3,97
 624:	00440393          	addi	t2,s0,4
 628:	00042583          	lw	a1,0(s0)
 62c:	00612623          	sw	t1,12(sp)
 630:	00d12023          	sw	a3,0(sp)
 634:	00712423          	sw	t2,8(sp)
 638:	00000693          	li	a3,0
 63c:	f6dff06f          	j	5a8 <print+0x128>
 640:	06300613          	li	a2,99
 644:	f8c690e3          	bne	a3,a2,5c4 <print+0x144>
 648:	00042683          	lw	a3,0(s0)
 64c:	00440393          	addi	t2,s0,4
 650:	00612623          	sw	t1,12(sp)
 654:	00d10823          	sb	a3,16(sp)
 658:	00712423          	sw	t2,8(sp)
 65c:	000108a3          	sb	zero,17(sp)
 660:	00078693          	mv	a3,a5
 664:	00070613          	mv	a2,a4
 668:	01010593          	addi	a1,sp,16
 66c:	ef1ff06f          	j	55c <print+0xdc>
 670:	00070313          	mv	t1,a4
 674:	00034583          	lbu	a1,0(t1)
 678:	00412503          	lw	a0,4(sp)
 67c:	00612423          	sw	t1,8(sp)
 680:	00148493          	addi	s1,s1,1
 684:	bbdff0ef          	jal	ra,240 <printchar>
 688:	00812303          	lw	t1,8(sp)
 68c:	f39ff06f          	j	5c4 <print+0x144>

00000690 <_puts>:
 690:	ff410113          	addi	sp,sp,-12
 694:	00812223          	sw	s0,4(sp)
 698:	00112423          	sw	ra,8(sp)
 69c:	00050413          	mv	s0,a0
 6a0:	00044503          	lbu	a0,0(s0)
 6a4:	00051a63          	bnez	a0,6b8 <_puts+0x28>
 6a8:	00812083          	lw	ra,8(sp)
 6ac:	00412403          	lw	s0,4(sp)
 6b0:	00c10113          	addi	sp,sp,12
 6b4:	00008067          	ret
 6b8:	00140413          	addi	s0,s0,1
 6bc:	b69ff0ef          	jal	ra,224 <_putch>
 6c0:	fe1ff06f          	j	6a0 <_puts+0x10>

000006c4 <_printf>:
 6c4:	fdc10113          	addi	sp,sp,-36
 6c8:	00b12823          	sw	a1,16(sp)
 6cc:	00c12a23          	sw	a2,20(sp)
 6d0:	00050593          	mv	a1,a0
 6d4:	01010613          	addi	a2,sp,16
 6d8:	00000513          	li	a0,0
 6dc:	00112623          	sw	ra,12(sp)
 6e0:	00d12c23          	sw	a3,24(sp)
 6e4:	00e12e23          	sw	a4,28(sp)
 6e8:	02f12023          	sw	a5,32(sp)
 6ec:	00c12023          	sw	a2,0(sp)
 6f0:	d91ff0ef          	jal	ra,480 <print>
 6f4:	00c12083          	lw	ra,12(sp)
 6f8:	02410113          	addi	sp,sp,36
 6fc:	00008067          	ret

00000700 <_sprintf>:
 700:	fdc10113          	addi	sp,sp,-36
 704:	00a12023          	sw	a0,0(sp)
 708:	00c12a23          	sw	a2,20(sp)
 70c:	00010513          	mv	a0,sp
 710:	01410613          	addi	a2,sp,20
 714:	00112823          	sw	ra,16(sp)
 718:	00d12c23          	sw	a3,24(sp)
 71c:	00e12e23          	sw	a4,28(sp)
 720:	02f12023          	sw	a5,32(sp)
 724:	00c12223          	sw	a2,4(sp)
 728:	d59ff0ef          	jal	ra,480 <print>
 72c:	01012083          	lw	ra,16(sp)
 730:	02410113          	addi	sp,sp,36
 734:	00008067          	ret

00000738 <_getch>:
 738:	00002737          	lui	a4,0x2
 73c:	00002637          	lui	a2,0x2
 740:	c2574683          	lbu	a3,-987(a4) # 1c25 <rdix>
 744:	c2464783          	lbu	a5,-988(a2) # 1c24 <wrix>
 748:	fef68ce3          	beq	a3,a5,740 <_getch+0x8>
 74c:	c2574683          	lbu	a3,-987(a4)
 750:	00168793          	addi	a5,a3,1
 754:	0ff7f793          	zext.b	a5,a5
 758:	c2f702a3          	sb	a5,-987(a4)
 75c:	000027b7          	lui	a5,0x2
 760:	c0478793          	addi	a5,a5,-1020 # 1c04 <udat>
 764:	00d787b3          	add	a5,a5,a3
 768:	c2574683          	lbu	a3,-987(a4)
 76c:	0007c503          	lbu	a0,0(a5)
 770:	01f6f693          	andi	a3,a3,31
 774:	c2d702a3          	sb	a3,-987(a4)
 778:	00008067          	ret

0000077c <haschar>:
 77c:	000027b7          	lui	a5,0x2
 780:	c247c503          	lbu	a0,-988(a5) # 1c24 <wrix>
 784:	000027b7          	lui	a5,0x2
 788:	c257c783          	lbu	a5,-987(a5) # 1c25 <rdix>
 78c:	40f50533          	sub	a0,a0,a5
 790:	0ff57513          	zext.b	a0,a0
 794:	00008067          	ret

00000798 <getMEPC>:
 798:	34101573          	.word	0x34101573
 79c:	34151073          	.word	0x34151073
 7a0:	00008067          	ret

000007a4 <irq1_handler>:
 7a4:	fd810113          	addi	sp,sp,-40
 7a8:	02112223          	sw	ra,36(sp)
 7ac:	02512023          	sw	t0,32(sp)
 7b0:	00612e23          	sw	t1,28(sp)
 7b4:	00712c23          	sw	t2,24(sp)
 7b8:	00b12823          	sw	a1,16(sp)
 7bc:	00c12623          	sw	a2,12(sp)
 7c0:	00d12423          	sw	a3,8(sp)
 7c4:	00e12223          	sw	a4,4(sp)
 7c8:	00f12023          	sw	a5,0(sp)
 7cc:	00a12a23          	sw	a0,20(sp)
 7d0:	fc9ff0ef          	jal	ra,798 <getMEPC>
 7d4:	00050593          	mv	a1,a0
 7d8:	00001537          	lui	a0,0x1
 7dc:	a4450513          	addi	a0,a0,-1468 # a44 <main+0x194>
 7e0:	ee5ff0ef          	jal	ra,6c4 <_printf>
 7e4:	02412083          	lw	ra,36(sp)
 7e8:	02012283          	lw	t0,32(sp)
 7ec:	01c12303          	lw	t1,28(sp)
 7f0:	01812383          	lw	t2,24(sp)
 7f4:	01412503          	lw	a0,20(sp)
 7f8:	01012583          	lw	a1,16(sp)
 7fc:	00c12603          	lw	a2,12(sp)
 800:	00812683          	lw	a3,8(sp)
 804:	00412703          	lw	a4,4(sp)
 808:	00012783          	lw	a5,0(sp)
 80c:	02810113          	addi	sp,sp,40
 810:	30200073          	mret

00000814 <spixfer>:
 814:	e00007b7          	lui	a5,0xe0000
 818:	02a7a023          	sw	a0,32(a5) # e0000020 <_ebss+0xdfffe3f8>
 81c:	e0000737          	lui	a4,0xe0000
 820:	02472783          	lw	a5,36(a4) # e0000024 <_ebss+0xdfffe3fc>
 824:	0017f793          	andi	a5,a5,1
 828:	fe079ce3          	bnez	a5,820 <spixfer+0xc>
 82c:	02072503          	lw	a0,32(a4)
 830:	00008067          	ret

00000834 <getw>:
 834:	ff410113          	addi	sp,sp,-12
 838:	00112423          	sw	ra,8(sp)
 83c:	00812223          	sw	s0,4(sp)
 840:	00912023          	sw	s1,0(sp)
 844:	ef5ff0ef          	jal	ra,738 <_getch>
 848:	00050493          	mv	s1,a0
 84c:	eedff0ef          	jal	ra,738 <_getch>
 850:	00050413          	mv	s0,a0
 854:	ee5ff0ef          	jal	ra,738 <_getch>
 858:	01051513          	slli	a0,a0,0x10
 85c:	00841413          	slli	s0,s0,0x8
 860:	00a46433          	or	s0,s0,a0
 864:	ed5ff0ef          	jal	ra,738 <_getch>
 868:	00946433          	or	s0,s0,s1
 86c:	01851513          	slli	a0,a0,0x18
 870:	00812083          	lw	ra,8(sp)
 874:	00856533          	or	a0,a0,s0
 878:	00412403          	lw	s0,4(sp)
 87c:	00012483          	lw	s1,0(sp)
 880:	00c10113          	addi	sp,sp,12
 884:	00008067          	ret

00000888 <_memcpy>:
 888:	02060263          	beqz	a2,8ac <_memcpy+0x24>
 88c:	00000793          	li	a5,0
 890:	00f58733          	add	a4,a1,a5
 894:	00074683          	lbu	a3,0(a4)
 898:	00f50733          	add	a4,a0,a5
 89c:	00178793          	addi	a5,a5,1
 8a0:	00d70023          	sb	a3,0(a4)
 8a4:	fef616e3          	bne	a2,a5,890 <_memcpy+0x8>
 8a8:	00c50533          	add	a0,a0,a2
 8ac:	00008067          	ret

000008b0 <main>:
 8b0:	fe410113          	addi	sp,sp,-28
 8b4:	00812a23          	sw	s0,20(sp)
 8b8:	00112c23          	sw	ra,24(sp)
 8bc:	e0000437          	lui	s0,0xe0000
 8c0:	00912823          	sw	s1,16(sp)
 8c4:	09b00793          	li	a5,155
 8c8:	00092537          	lui	a0,0x92
 8cc:	00f42223          	sw	a5,4(s0) # e0000004 <_ebss+0xdfffe3dc>
 8d0:	7b650513          	addi	a0,a0,1974 # 927b6 <_ebss+0x90b8e>
 8d4:	f90ff0ef          	jal	ra,64 <delay_loop>
 8d8:	00044783          	lbu	a5,0(s0)
 8dc:	7a400793          	li	a5,1956
 8e0:	0ef42823          	sw	a5,240(s0)
 8e4:	17000793          	li	a5,368
 8e8:	0ef42a23          	sw	a5,244(s0)
 8ec:	1d400793          	li	a5,468
 8f0:	0ef42c23          	sw	a5,248(s0)
 8f4:	00100793          	li	a5,1
 8f8:	0ef42023          	sw	a5,224(s0)
 8fc:	00000073          	ecall
 900:	00100073          	ebreak
 904:	00001437          	lui	s0,0x1
 908:	a5440513          	addi	a0,s0,-1452 # a54 <main+0x1a4>
 90c:	d85ff0ef          	jal	ra,690 <_puts>
 910:	00001537          	lui	a0,0x1
 914:	be050513          	addi	a0,a0,-1056 # be0 <main+0x330>
 918:	d79ff0ef          	jal	ra,690 <_puts>
 91c:	000014b7          	lui	s1,0x1
 920:	bec48513          	addi	a0,s1,-1044 # bec <main+0x33c>
 924:	d6dff0ef          	jal	ra,690 <_puts>
 928:	e11ff0ef          	jal	ra,738 <_getch>
 92c:	fdf50713          	addi	a4,a0,-33
 930:	0ff77713          	zext.b	a4,a4
 934:	05d00613          	li	a2,93
 938:	000016b7          	lui	a3,0x1
 93c:	00e67863          	bgeu	a2,a4,94c <main+0x9c>
 940:	c0068513          	addi	a0,a3,-1024 # c00 <main+0x350>
 944:	d4dff0ef          	jal	ra,690 <_puts>
 948:	fd9ff06f          	j	920 <main+0x70>
 94c:	00a12023          	sw	a0,0(sp)
 950:	8d5ff0ef          	jal	ra,224 <_putch>
 954:	000016b7          	lui	a3,0x1
 958:	c0068513          	addi	a0,a3,-1024 # c00 <main+0x350>
 95c:	d35ff0ef          	jal	ra,690 <_puts>
 960:	00012783          	lw	a5,0(sp)
 964:	07100713          	li	a4,113
 968:	0ce78663          	beq	a5,a4,a34 <main+0x184>
 96c:	02f76a63          	bltu	a4,a5,9a0 <main+0xf0>
 970:	03100713          	li	a4,49
 974:	0ae78c63          	beq	a5,a4,a2c <main+0x17c>
 978:	03200713          	li	a4,50
 97c:	fae792e3          	bne	a5,a4,920 <main+0x70>
 980:	e0000737          	lui	a4,0xe0000
 984:	0e072783          	lw	a5,224(a4) # e00000e0 <_ebss+0xdfffe4b8>
 988:	00092537          	lui	a0,0x92
 98c:	7b650513          	addi	a0,a0,1974 # 927b6 <_ebss+0x90b8e>
 990:	0027c793          	xori	a5,a5,2
 994:	0ef72023          	sw	a5,224(a4)
 998:	eccff0ef          	jal	ra,64 <delay_loop>
 99c:	f85ff06f          	j	920 <main+0x70>
 9a0:	07800713          	li	a4,120
 9a4:	f6e79ee3          	bne	a5,a4,920 <main+0x70>
 9a8:	00001537          	lui	a0,0x1
 9ac:	c0450513          	addi	a0,a0,-1020 # c04 <main+0x354>
 9b0:	ce1ff0ef          	jal	ra,690 <_puts>
 9b4:	e81ff0ef          	jal	ra,834 <getw>
 9b8:	665677b7          	lui	a5,0x66567
 9bc:	27078793          	addi	a5,a5,624 # 66567270 <_ebss+0x66565648>
 9c0:	f6f510e3          	bne	a0,a5,920 <main+0x70>
 9c4:	e71ff0ef          	jal	ra,834 <getw>
 9c8:	00a12223          	sw	a0,4(sp)
 9cc:	e69ff0ef          	jal	ra,834 <getw>
 9d0:	00a12023          	sw	a0,0(sp)
 9d4:	e61ff0ef          	jal	ra,834 <getw>
 9d8:	00012703          	lw	a4,0(sp)
 9dc:	00412783          	lw	a5,4(sp)
 9e0:	00050693          	mv	a3,a0
 9e4:	02070c63          	beqz	a4,a1c <main+0x16c>
 9e8:	00e78733          	add	a4,a5,a4
 9ec:	00f12223          	sw	a5,4(sp)
 9f0:	00178793          	addi	a5,a5,1
 9f4:	00e12623          	sw	a4,12(sp)
 9f8:	00d12423          	sw	a3,8(sp)
 9fc:	00f12023          	sw	a5,0(sp)
 a00:	d39ff0ef          	jal	ra,738 <_getch>
 a04:	00412603          	lw	a2,4(sp)
 a08:	00012783          	lw	a5,0(sp)
 a0c:	00c12703          	lw	a4,12(sp)
 a10:	00a60023          	sb	a0,0(a2)
 a14:	00812683          	lw	a3,8(sp)
 a18:	fce79ae3          	bne	a5,a4,9ec <main+0x13c>
 a1c:	0ff00793          	li	a5,255
 a20:	f0d7f0e3          	bgeu	a5,a3,920 <main+0x70>
 a24:	000680e7          	jalr	a3
 a28:	ef9ff06f          	j	920 <main+0x70>
 a2c:	a5440513          	addi	a0,s0,-1452
 a30:	f15ff06f          	j	944 <main+0x94>
 a34:	00000067          	jr	zero # 0 <reset_vec>
 a38:	ee9ff06f          	j	920 <main+0x70>
 a3c:	6e28                	.2byte	0x6e28
 a3e:	6c75                	.2byte	0x6c75
 a40:	296c                	.2byte	0x296c
 a42:	0000                	.2byte	0x0
 a44:	540a                	.2byte	0x540a
 a46:	4152                	.2byte	0x4152
 a48:	2050                	.2byte	0x2050
 a4a:	7461                	.2byte	0x7461
 a4c:	3020                	.2byte	0x3020
 a4e:	2578                	.2byte	0x2578
 a50:	0a78                	.2byte	0xa78
 a52:	0000                	.2byte	0x0
 a54:	0a0a                	.2byte	0xa0a
 a56:	380a                	.2byte	0x380a
 a58:	3838                	.2byte	0x3838
 a5a:	2020                	.2byte	0x2020
 a5c:	2020                	.2byte	0x2020
 a5e:	2020                	.2byte	0x2020
 a60:	2020                	.2byte	0x2020
 a62:	2020                	.2byte	0x2020
 a64:	2020                	.2byte	0x2020
 a66:	2020                	.2byte	0x2020
 a68:	2020                	.2byte	0x2020
 a6a:	3838                	.2byte	0x3838
 a6c:	3838                	.2byte	0x3838
 a6e:	3838                	.2byte	0x3838
 a70:	6238                	.2byte	0x6238
 a72:	202e                	.2byte	0x202e
 a74:	3820                	.2byte	0x3820
 a76:	3838                	.2byte	0x3838
 a78:	2020                	.2byte	0x2020
 a7a:	2020                	.2byte	0x2020
 a7c:	3820                	.2byte	0x3820
 a7e:	3838                	.2byte	0x3838
 a80:	380a                	.2byte	0x380a
 a82:	3838                	.2byte	0x3838
 a84:	2020                	.2byte	0x2020
 a86:	2020                	.2byte	0x2020
 a88:	2020                	.2byte	0x2020
 a8a:	2020                	.2byte	0x2020
 a8c:	2020                	.2byte	0x2020
 a8e:	2020                	.2byte	0x2020
 a90:	2020                	.2byte	0x2020
 a92:	2020                	.2byte	0x2020
 a94:	3838                	.2byte	0x3838
 a96:	2038                	.2byte	0x2038
 a98:	2020                	.2byte	0x2020
 a9a:	3859                	.2byte	0x3859
 a9c:	6238                	.2byte	0x6238
 a9e:	3820                	.2byte	0x3820
 aa0:	3838                	.2byte	0x3838
 aa2:	2020                	.2byte	0x2020
 aa4:	2020                	.2byte	0x2020
 aa6:	3820                	.2byte	0x3820
 aa8:	3838                	.2byte	0x3838
 aaa:	380a                	.2byte	0x380a
 aac:	3838                	.2byte	0x3838
 aae:	2020                	.2byte	0x2020
 ab0:	2020                	.2byte	0x2020
 ab2:	2020                	.2byte	0x2020
 ab4:	2020                	.2byte	0x2020
 ab6:	2020                	.2byte	0x2020
 ab8:	2020                	.2byte	0x2020
 aba:	2020                	.2byte	0x2020
 abc:	2020                	.2byte	0x2020
 abe:	3838                	.2byte	0x3838
 ac0:	2038                	.2byte	0x2038
 ac2:	2020                	.2byte	0x2020
 ac4:	3820                	.2byte	0x3820
 ac6:	3838                	.2byte	0x3838
 ac8:	3820                	.2byte	0x3820
 aca:	3838                	.2byte	0x3838
 acc:	2020                	.2byte	0x2020
 ace:	2020                	.2byte	0x2020
 ad0:	3820                	.2byte	0x3820
 ad2:	3838                	.2byte	0x3838
 ad4:	380a                	.2byte	0x380a
 ad6:	3838                	.2byte	0x3838
 ad8:	2020                	.2byte	0x2020
 ada:	2020                	.2byte	0x2020
 adc:	2020                	.2byte	0x2020
 ade:	2020                	.2byte	0x2020
 ae0:	3838                	.2byte	0x3838
 ae2:	3838                	.2byte	0x3838
 ae4:	2e62                	.2byte	0x2e62
 ae6:	2020                	.2byte	0x2020
 ae8:	3838                	.2byte	0x3838
 aea:	2038                	.2byte	0x2038
 aec:	2020                	.2byte	0x2020
 aee:	3864                	.2byte	0x3864
 af0:	5038                	.2byte	0x5038
 af2:	5920                	.2byte	0x5920
 af4:	3838                	.2byte	0x3838
 af6:	2062                	.2byte	0x2062
 af8:	2020                	.2byte	0x2020
 afa:	3864                	.2byte	0x3864
 afc:	5038                	.2byte	0x5038
 afe:	3820                	.2byte	0x3820
 b00:	3838                	.2byte	0x3838
 b02:	6238                	.2byte	0x6238
 b04:	0a2e                	.2byte	0xa2e
 b06:	3838                	.2byte	0x3838
 b08:	2038                	.2byte	0x2038
 b0a:	2020                	.2byte	0x2020
 b0c:	2020                	.2byte	0x2020
 b0e:	2020                	.2byte	0x2020
 b10:	2020                	.2byte	0x2020
 b12:	2020                	.2byte	0x2020
 b14:	62383827          	.4byte	0x62383827
 b18:	3820                	.2byte	0x3820
 b1a:	3838                	.2byte	0x3838
 b1c:	3838                	.2byte	0x3838
 b1e:	3838                	.2byte	0x3838
 b20:	2750                	.2byte	0x2750
 b22:	2020                	.2byte	0x2020
 b24:	5920                	.2byte	0x5920
 b26:	3838                	.2byte	0x3838
 b28:	2062                	.2byte	0x2062
 b2a:	3864                	.2byte	0x3864
 b2c:	5038                	.2byte	0x5038
 b2e:	2020                	.2byte	0x2020
 b30:	2020                	.2byte	0x2020
 b32:	2720                	.2byte	0x2720
 b34:	3838                	.2byte	0x3838
 b36:	0a62                	.2byte	0xa62
 b38:	3838                	.2byte	0x3838
 b3a:	2038                	.2byte	0x2038
 b3c:	2020                	.2byte	0x2020
 b3e:	2020                	.2byte	0x2020
 b40:	2020                	.2byte	0x2020
 b42:	642e                	.2byte	0x642e
 b44:	3838                	.2byte	0x3838
 b46:	3838                	.2byte	0x3838
 b48:	3838                	.2byte	0x3838
 b4a:	3820                	.2byte	0x3820
 b4c:	3838                	.2byte	0x3838
 b4e:	5420                	.2byte	0x5420
 b50:	3838                	.2byte	0x3838
 b52:	2062                	.2byte	0x2062
 b54:	2020                	.2byte	0x2020
 b56:	2020                	.2byte	0x2020
 b58:	3859                	.2byte	0x3859
 b5a:	6f38                	.2byte	0x6f38
 b5c:	3838                	.2byte	0x3838
 b5e:	2050                	.2byte	0x2050
 b60:	2e20                	.2byte	0x2e20
 b62:	3864                	.2byte	0x3864
 b64:	3838                	.2byte	0x3838
 b66:	3838                	.2byte	0x3838
 b68:	0a38                	.2byte	0xa38
 b6a:	3838                	.2byte	0x3838
 b6c:	3838                	.2byte	0x3838
 b6e:	3838                	.2byte	0x3838
 b70:	3838                	.2byte	0x3838
 b72:	2038                	.2byte	0x2038
 b74:	3838                	.2byte	0x3838
 b76:	2038                	.2byte	0x2038
 b78:	3820                	.2byte	0x3820
 b7a:	3838                	.2byte	0x3838
 b7c:	3820                	.2byte	0x3820
 b7e:	3838                	.2byte	0x3838
 b80:	2020                	.2byte	0x2020
 b82:	3854                	.2byte	0x3854
 b84:	6238                	.2byte	0x6238
 b86:	2020                	.2byte	0x2020
 b88:	2020                	.2byte	0x2020
 b8a:	5920                	.2byte	0x5920
 b8c:	3838                	.2byte	0x3838
 b8e:	5038                	.2byte	0x5038
 b90:	2020                	.2byte	0x2020
 b92:	3820                	.2byte	0x3820
 b94:	3838                	.2byte	0x3838
 b96:	2020                	.2byte	0x2020
 b98:	3838                	.2byte	0x3838
 b9a:	0a38                	.2byte	0xa38
 b9c:	3838                	.2byte	0x3838
 b9e:	3838                	.2byte	0x3838
 ba0:	3838                	.2byte	0x3838
 ba2:	3838                	.2byte	0x3838
 ba4:	2038                	.2byte	0x2038
 ba6:	38385927          	.4byte	0x38385927
 baa:	3838                	.2byte	0x3838
 bac:	3838                	.2byte	0x3838
 bae:	3820                	.2byte	0x3820
 bb0:	3838                	.2byte	0x3838
 bb2:	2020                	.2byte	0x2020
 bb4:	5420                	.2byte	0x5420
 bb6:	3838                	.2byte	0x3838
 bb8:	2062                	.2byte	0x2062
 bba:	2020                	.2byte	0x2020
 bbc:	2020                	.2byte	0x2020
 bbe:	3859                	.2byte	0x3859
 bc0:	2050                	.2byte	0x2050
 bc2:	2020                	.2byte	0x2020
 bc4:	2720                	.2byte	0x2720
 bc6:	3859                	.2byte	0x3859
 bc8:	3838                	.2byte	0x3838
 bca:	3838                	.2byte	0x3838
 bcc:	0a38                	.2byte	0xa38
 bce:	490a                	.2byte	0x490a
 bd0:	7374                	.2byte	0x7374
 bd2:	4120                	.2byte	0x4120
 bd4:	696c                	.2byte	0x696c
 bd6:	6576                	.2byte	0x6576
 bd8:	3a20                	.2byte	0x3a20
 bda:	292d                	.2byte	0x292d
 bdc:	0a0a                	.2byte	0xa0a
 bde:	0000                	.2byte	0x0
 be0:	6f48                	.2byte	0x6f48
 be2:	616c                	.2byte	0x616c
 be4:	6d20                	.2byte	0x6d20
 be6:	6e75                	.2byte	0x6e75
 be8:	6f64                	.2byte	0x6f64
 bea:	000a                	.2byte	0xa
 bec:	6d6d6f43          	.4byte	0x6d6d6f43
 bf0:	6e61                	.2byte	0x6e61
 bf2:	2064                	.2byte	0x2064
 bf4:	3332315b          	.4byte	0x3332315b
 bf8:	7864                	.2byte	0x7864
 bfa:	3e5d                	.2byte	0x3e5d
 bfc:	0020                	.2byte	0x20
 bfe:	0000                	.2byte	0x0
 c00:	000a                	.2byte	0xa
 c02:	0000                	.2byte	0x0
 c04:	7055                	.2byte	0x7055
 c06:	6f6c                	.2byte	0x6f6c
 c08:	6461                	.2byte	0x6461
 c0a:	4120                	.2byte	0x4120
 c0c:	5050                	.2byte	0x5050
 c0e:	6620                	.2byte	0x6620
 c10:	6f72                	.2byte	0x6f72
 c12:	206d                	.2byte	0x206d
 c14:	69726573          	.4byte	0x69726573
 c18:	6c61                	.2byte	0x6c61
 c1a:	7020                	.2byte	0x7020
 c1c:	2074726f          	jal	tp,48622 <_ebss+0x469fa>
 c20:	3c28                	.2byte	0x3c28
 c22:	6c747263          	bgeu	s0,t2,12e6 <_etext+0x6ae>
 c26:	2d3e                	.2byte	0x2d3e
 c28:	2946                	.2byte	0x2946
 c2a:	6120                	.2byte	0x6120
 c2c:	646e                	.2byte	0x646e
 c2e:	6520                	.2byte	0x6520
 c30:	6578                	.2byte	0x6578
 c32:	65747563          	bgeu	s0,s7,127c <_etext+0x644>
 c36:	000a                	.2byte	0xa
