#! /c/iverilog/bin/vvp
:ivl_version "0.9.4 " "(v0_9_4)";
:vpi_time_precision - 12;
:vpi_module "system";
:vpi_module "v2005_math";
:vpi_module "va_math";
S_00FE1D88 .scope module, "multiplier_4bit_tb" "multiplier_4bit_tb" 2 3;
 .timescale -9 -12;
v010130A8_0 .var "a", 31 0;
v010131B0_0 .var "b", 31 0;
v01012760_0 .net "busy", 0 0, L_01014980; 1 drivers
v01012A78_0 .var "clk", 0 0;
v01012A20_0 .var/i "errores", 31 0;
v01012AD0_0 .var "hm", 0 0;
v01012B28_0 .var "load", 0 0;
v01012B80_0 .net "out", 31 0, L_01013BE0; 1 drivers
v01012BD8_0 .var/i "pruebas", 31 0;
v01012C30_0 .var "reset", 0 0;
v01012C88_0 .var "resultado_capturado", 63 0;
v01013A28_0 .var "resultado_esperado", 63 0;
v010139D0_0 .var "ua", 0 0;
v01013A80_0 .var "ub", 0 0;
S_00FE2360 .scope task, "calcular_esperado" "calcular_esperado" 2 47, 2 47, S_00FE1D88;
 .timescale -9 -12;
v01012810_0 .var "esperado", 63 0;
v01012D90_0 .var "op_a", 31 0;
v01013050_0 .var "op_b", 31 0;
v01012DE8_0 .var "unsigned_a", 0 0;
v01012E40_0 .var "unsigned_b", 0 0;
TD_multiplier_4bit_tb.calcular_esperado ;
    %load/v 8, v01012DE8_0, 1;
    %load/v 9, v01012E40_0, 1;
    %and 8, 9, 1;
    %jmp/0xz  T_0.0, 8;
    %load/v 8, v01012D90_0, 32;
    %movi 40, 0, 32;
    %load/v 72, v01013050_0, 32;
    %movi 104, 0, 32;
    %mul 8, 72, 64;
    %set/v v01012810_0, 8, 64;
    %jmp T_0.1;
T_0.0 ;
    %load/v 8, v01012DE8_0, 1;
    %inv 8, 1;
    %load/v 9, v01012E40_0, 1;
    %inv 9, 1;
    %and 8, 9, 1;
    %jmp/0xz  T_0.2, 8;
    %load/v 8, v01012D90_0, 32;
    %ix/load 1, 31, 0;
    %mov 4, 0, 1;
    %jmp/1 T_0.4, 4;
    %load/x1p 104, v01012D90_0, 1;
    %jmp T_0.5;
T_0.4 ;
    %mov 104, 2, 1;
T_0.5 ;
    %mov 72, 104, 1; Move signal select into place
    %mov 103, 72, 1; Repetition 32
    %mov 102, 72, 1; Repetition 31
    %mov 101, 72, 1; Repetition 30
    %mov 100, 72, 1; Repetition 29
    %mov 99, 72, 1; Repetition 28
    %mov 98, 72, 1; Repetition 27
    %mov 97, 72, 1; Repetition 26
    %mov 96, 72, 1; Repetition 25
    %mov 95, 72, 1; Repetition 24
    %mov 94, 72, 1; Repetition 23
    %mov 93, 72, 1; Repetition 22
    %mov 92, 72, 1; Repetition 21
    %mov 91, 72, 1; Repetition 20
    %mov 90, 72, 1; Repetition 19
    %mov 89, 72, 1; Repetition 18
    %mov 88, 72, 1; Repetition 17
    %mov 87, 72, 1; Repetition 16
    %mov 86, 72, 1; Repetition 15
    %mov 85, 72, 1; Repetition 14
    %mov 84, 72, 1; Repetition 13
    %mov 83, 72, 1; Repetition 12
    %mov 82, 72, 1; Repetition 11
    %mov 81, 72, 1; Repetition 10
    %mov 80, 72, 1; Repetition 9
    %mov 79, 72, 1; Repetition 8
    %mov 78, 72, 1; Repetition 7
    %mov 77, 72, 1; Repetition 6
    %mov 76, 72, 1; Repetition 5
    %mov 75, 72, 1; Repetition 4
    %mov 74, 72, 1; Repetition 3
    %mov 73, 72, 1; Repetition 2
    %mov 40, 72, 32;
    %load/v 72, v01013050_0, 32;
    %ix/load 1, 31, 0;
    %mov 4, 0, 1;
    %jmp/1 T_0.6, 4;
    %load/x1p 168, v01013050_0, 1;
    %jmp T_0.7;
T_0.6 ;
    %mov 168, 2, 1;
T_0.7 ;
    %mov 136, 168, 1; Move signal select into place
    %mov 167, 136, 1; Repetition 32
    %mov 166, 136, 1; Repetition 31
    %mov 165, 136, 1; Repetition 30
    %mov 164, 136, 1; Repetition 29
    %mov 163, 136, 1; Repetition 28
    %mov 162, 136, 1; Repetition 27
    %mov 161, 136, 1; Repetition 26
    %mov 160, 136, 1; Repetition 25
    %mov 159, 136, 1; Repetition 24
    %mov 158, 136, 1; Repetition 23
    %mov 157, 136, 1; Repetition 22
    %mov 156, 136, 1; Repetition 21
    %mov 155, 136, 1; Repetition 20
    %mov 154, 136, 1; Repetition 19
    %mov 153, 136, 1; Repetition 18
    %mov 152, 136, 1; Repetition 17
    %mov 151, 136, 1; Repetition 16
    %mov 150, 136, 1; Repetition 15
    %mov 149, 136, 1; Repetition 14
    %mov 148, 136, 1; Repetition 13
    %mov 147, 136, 1; Repetition 12
    %mov 146, 136, 1; Repetition 11
    %mov 145, 136, 1; Repetition 10
    %mov 144, 136, 1; Repetition 9
    %mov 143, 136, 1; Repetition 8
    %mov 142, 136, 1; Repetition 7
    %mov 141, 136, 1; Repetition 6
    %mov 140, 136, 1; Repetition 5
    %mov 139, 136, 1; Repetition 4
    %mov 138, 136, 1; Repetition 3
    %mov 137, 136, 1; Repetition 2
    %mov 104, 136, 32;
    %mul 8, 72, 64;
    %set/v v01012810_0, 8, 64;
    %jmp T_0.3;
T_0.2 ;
    %load/v 8, v01012DE8_0, 1;
    %inv 8, 1;
    %load/v 9, v01012E40_0, 1;
    %and 8, 9, 1;
    %jmp/0xz  T_0.8, 8;
    %load/v 8, v01012D90_0, 32;
    %ix/load 1, 31, 0;
    %mov 4, 0, 1;
    %jmp/1 T_0.10, 4;
    %load/x1p 104, v01012D90_0, 1;
    %jmp T_0.11;
T_0.10 ;
    %mov 104, 2, 1;
T_0.11 ;
    %mov 72, 104, 1; Move signal select into place
    %mov 103, 72, 1; Repetition 32
    %mov 102, 72, 1; Repetition 31
    %mov 101, 72, 1; Repetition 30
    %mov 100, 72, 1; Repetition 29
    %mov 99, 72, 1; Repetition 28
    %mov 98, 72, 1; Repetition 27
    %mov 97, 72, 1; Repetition 26
    %mov 96, 72, 1; Repetition 25
    %mov 95, 72, 1; Repetition 24
    %mov 94, 72, 1; Repetition 23
    %mov 93, 72, 1; Repetition 22
    %mov 92, 72, 1; Repetition 21
    %mov 91, 72, 1; Repetition 20
    %mov 90, 72, 1; Repetition 19
    %mov 89, 72, 1; Repetition 18
    %mov 88, 72, 1; Repetition 17
    %mov 87, 72, 1; Repetition 16
    %mov 86, 72, 1; Repetition 15
    %mov 85, 72, 1; Repetition 14
    %mov 84, 72, 1; Repetition 13
    %mov 83, 72, 1; Repetition 12
    %mov 82, 72, 1; Repetition 11
    %mov 81, 72, 1; Repetition 10
    %mov 80, 72, 1; Repetition 9
    %mov 79, 72, 1; Repetition 8
    %mov 78, 72, 1; Repetition 7
    %mov 77, 72, 1; Repetition 6
    %mov 76, 72, 1; Repetition 5
    %mov 75, 72, 1; Repetition 4
    %mov 74, 72, 1; Repetition 3
    %mov 73, 72, 1; Repetition 2
    %mov 40, 72, 32;
    %load/v 72, v01013050_0, 32;
    %movi 104, 0, 32;
    %mul 8, 72, 64;
    %set/v v01012810_0, 8, 64;
    %jmp T_0.9;
T_0.8 ;
    %load/v 8, v01012D90_0, 32;
    %movi 40, 0, 32;
    %load/v 72, v01013050_0, 32;
    %ix/load 1, 31, 0;
    %mov 4, 0, 1;
    %jmp/1 T_0.12, 4;
    %load/x1p 168, v01013050_0, 1;
    %jmp T_0.13;
T_0.12 ;
    %mov 168, 2, 1;
T_0.13 ;
    %mov 136, 168, 1; Move signal select into place
    %mov 167, 136, 1; Repetition 32
    %mov 166, 136, 1; Repetition 31
    %mov 165, 136, 1; Repetition 30
    %mov 164, 136, 1; Repetition 29
    %mov 163, 136, 1; Repetition 28
    %mov 162, 136, 1; Repetition 27
    %mov 161, 136, 1; Repetition 26
    %mov 160, 136, 1; Repetition 25
    %mov 159, 136, 1; Repetition 24
    %mov 158, 136, 1; Repetition 23
    %mov 157, 136, 1; Repetition 22
    %mov 156, 136, 1; Repetition 21
    %mov 155, 136, 1; Repetition 20
    %mov 154, 136, 1; Repetition 19
    %mov 153, 136, 1; Repetition 18
    %mov 152, 136, 1; Repetition 17
    %mov 151, 136, 1; Repetition 16
    %mov 150, 136, 1; Repetition 15
    %mov 149, 136, 1; Repetition 14
    %mov 148, 136, 1; Repetition 13
    %mov 147, 136, 1; Repetition 12
    %mov 146, 136, 1; Repetition 11
    %mov 145, 136, 1; Repetition 10
    %mov 144, 136, 1; Repetition 9
    %mov 143, 136, 1; Repetition 8
    %mov 142, 136, 1; Repetition 7
    %mov 141, 136, 1; Repetition 6
    %mov 140, 136, 1; Repetition 5
    %mov 139, 136, 1; Repetition 4
    %mov 138, 136, 1; Repetition 3
    %mov 137, 136, 1; Repetition 2
    %mov 104, 136, 32;
    %mul 8, 72, 64;
    %set/v v01012810_0, 8, 64;
T_0.9 ;
T_0.3 ;
T_0.1 ;
    %end;
S_00FE29C0 .scope task, "ejecutar_multiplicacion" "ejecutar_multiplicacion" 2 72, 2 72, S_00FE1D88;
 .timescale -9 -12;
v010127B8_0 .var "descripcion", 255 0;
v01012EF0_0 .var "obtener_high", 0 0;
v010129C8_0 .var "op_a", 31 0;
v01012FA0_0 .var "op_b", 31 0;
v01012D38_0 .var "unsigned_a", 0 0;
v01012FF8_0 .var "unsigned_b", 0 0;
E_00FD0618 .event edge, v01013310_0;
TD_multiplier_4bit_tb.ejecutar_multiplicacion ;
    %ix/load 0, 1, 0;
    %load/vp0/s 8, v01012BD8_0, 33;
    %vpi_call 2 80 "$display", "\012=== Prueba %0d: %0s ===", T<8,33,s>, v010127B8_0;
    %load/v 8, v01012D38_0, 1;
    %jmp/0  T_1.14, 8;
    %load/v 9, v010129C8_0, 32;
    %jmp/1  T_1.16, 8;
T_1.14 ; End of true expr.
    %load/v 41, v010129C8_0, 32;
    %jmp/0  T_1.15, 8;
 ; End of false expr.
    %blend  9, 41, 32; Condition unknown.
    %jmp  T_1.16;
T_1.15 ;
    %mov 9, 41, 32; Return false value
T_1.16 ;
    %load/v 8, v01012FF8_0, 1;
    %jmp/0  T_1.17, 8;
    %load/v 41, v01012FA0_0, 32;
    %jmp/1  T_1.19, 8;
T_1.17 ; End of true expr.
    %load/v 73, v01012FA0_0, 32;
    %jmp/0  T_1.18, 8;
 ; End of false expr.
    %blend  41, 73, 32; Condition unknown.
    %jmp  T_1.19;
T_1.18 ;
    %mov 41, 73, 32; Return false value
T_1.19 ;
    %vpi_call 2 81 "$display", "A = %d (0x%08h), B = %d (0x%08h)", T<9,32,u>, v010129C8_0, T<41,32,u>, v01012FA0_0;
    %vpi_call 2 84 "$display", "UA = %b, UB = %b, HM = %b", v01012D38_0, v01012FF8_0, v01012EF0_0;
    %load/v 8, v010129C8_0, 32;
    %set/v v010130A8_0, 8, 32;
    %load/v 8, v01012FA0_0, 32;
    %set/v v010131B0_0, 8, 32;
    %load/v 8, v01012D38_0, 1;
    %set/v v010139D0_0, 8, 1;
    %load/v 8, v01012FF8_0, 1;
    %set/v v01013A80_0, 8, 1;
    %load/v 8, v01012EF0_0, 1;
    %set/v v01012AD0_0, 8, 1;
    %load/v 8, v010129C8_0, 32;
    %set/v v01012D90_0, 8, 32;
    %load/v 8, v01012FA0_0, 32;
    %set/v v01013050_0, 8, 32;
    %load/v 8, v01012D38_0, 1;
    %set/v v01012DE8_0, 8, 1;
    %load/v 8, v01012FF8_0, 1;
    %set/v v01012E40_0, 8, 1;
    %fork TD_multiplier_4bit_tb.calcular_esperado, S_00FE2360;
    %join;
    %load/v 8, v01012810_0, 64;
    %set/v v01013A28_0, 8, 64;
    %delay 2000, 0;
    %set/v v01012B28_0, 1, 1;
    %delay 10000, 0;
    %set/v v01012B28_0, 0, 1;
T_1.20 ;
    %load/v 8, v01012760_0, 1;
    %inv 8, 1;
    %cmpi/u 8, 1, 1;
    %inv 6, 1;
    %jmp/0xz T_1.21, 6;
    %wait E_00FD0618;
    %jmp T_1.20;
T_1.21 ;
    %delay 2000, 0;
    %load/v 8, v01012EF0_0, 1;
    %inv 8, 1;
    %jmp/0xz  T_1.22, 8;
    %load/v 8, v01012B80_0, 32;
    %mov 40, 0, 32;
    %set/v v01012C88_0, 8, 64;
    %vpi_call 2 107 "$display", "Resultado (low): 0x%08h", v01012B80_0;
    %vpi_call 2 108 "$display", "Esperado  (low): 0x%08h", &PV<v01013A28_0, 0, 32>;
    %load/v 8, v01012B80_0, 32;
    %load/v 40, v01013A28_0, 32; Only need 32 of 64 bits
; Save base=40 wid=32 in lookaside.
    %cmp/u 8, 40, 32;
    %inv 6, 1;
    %jmp/0xz  T_1.24, 6;
    %vpi_call 2 111 "$display", "ERROR: Resultado incorrecto en palabra baja!";
    %load/v 8, v01012A20_0, 32;
    %mov 40, 39, 1;
    %addi 8, 1, 33;
    %set/v v01012A20_0, 8, 32;
    %jmp T_1.25;
T_1.24 ;
    %vpi_call 2 114 "$display", "CORRECTO: Palabra baja";
T_1.25 ;
T_1.22 ;
    %load/v 8, v01012EF0_0, 1;
    %jmp/0xz  T_1.26, 8;
    %load/v 8, v01012B80_0, 32;
    %mov 40, 0, 32;
    %set/v v01012C88_0, 8, 64;
    %vpi_call 2 124 "$display", "Resultado (high): 0x%08h", v01012B80_0;
    %vpi_call 2 125 "$display", "Esperado  (high): 0x%08h", &PV<v01013A28_0, 32, 32>;
    %load/v 8, v01012B80_0, 32;
    %ix/load 1, 32, 0;
    %mov 4, 0, 1;
    %jmp/1 T_1.28, 4;
    %load/x1p 40, v01013A28_0, 32;
    %jmp T_1.29;
T_1.28 ;
    %mov 40, 2, 32;
T_1.29 ;
; Save base=40 wid=32 in lookaside.
    %cmp/u 8, 40, 32;
    %inv 6, 1;
    %jmp/0xz  T_1.30, 6;
    %vpi_call 2 128 "$display", "ERROR: Resultado incorrecto en palabra alta!";
    %load/v 8, v01012A20_0, 32;
    %mov 40, 39, 1;
    %addi 8, 1, 33;
    %set/v v01012A20_0, 8, 32;
    %jmp T_1.31;
T_1.30 ;
    %vpi_call 2 131 "$display", "CORRECTO: Palabra alta";
T_1.31 ;
T_1.26 ;
    %load/v 8, v01012BD8_0, 32;
    %mov 40, 39, 1;
    %addi 8, 1, 33;
    %set/v v01012BD8_0, 8, 32;
    %wait E_00FD05B8;
    %end;
S_00FE2938 .scope module, "DUT" "multiplier" 2 25, 3 15, S_00FE1D88;
 .timescale -9 -12;
L_00FD9618 .functor AND 1, v01012AD0_0, L_01013AD8, C4<1>, C4<1>;
L_00FD9260 .functor OR 1, L_01013D98, L_00FD9618, C4<0>, C4<0>;
L_00FD9228 .functor AND 1, v01012B28_0, L_00FD9260, C4<1>, C4<1>;
L_00FD9688 .functor NOT 1, v010139D0_0, C4<0>, C4<0>, C4<0>;
L_01014B40 .functor AND 1, L_00FD9688, L_01013978, C4<1>, C4<1>;
L_01014AD0 .functor NOT 32, v010130A8_0, C4<00000000000000000000000000000000>, C4<00000000000000000000000000000000>, C4<00000000000000000000000000000000>;
L_01014C20 .functor NOT 32, v010131B0_0, C4<00000000000000000000000000000000>, C4<00000000000000000000000000000000>, C4<00000000000000000000000000000000>;
L_01014980 .functor OR 1, L_00FD9228, L_01013CE8, C4<0>, C4<0>;
v00FD0FE0_0 .net *"_s0", 63 0, L_01013EF8; 1 drivers
v00FD1038_0 .net *"_s10", 0 0, L_01013AD8; 1 drivers
v00FD0C70_0 .net *"_s12", 0 0, L_00FD9618; 1 drivers
v00FD0D78_0 .net *"_s14", 0 0, L_00FD9260; 1 drivers
v00FD0F30_0 .net *"_s18", 0 0, L_00FD9688; 1 drivers
v00FD10E8_0 .net *"_s2", 63 0, L_01014160; 1 drivers
v00FD1198_0 .net *"_s21", 0 0, L_01013978; 1 drivers
v00FD1248_0 .net *"_s24", 31 0, L_01014AD0; 1 drivers
v00FD0CC8_0 .net *"_s26", 31 0, L_01013B30; 1 drivers
v00FD1140_0 .net *"_s28", 31 0, L_01013B88; 1 drivers
v00FD0B10_0 .net *"_s31", 30 0, C4<0000000000000000000000000000000>; 1 drivers
v00FD0D20_0 .net *"_s34", 31 0, L_01014C20; 1 drivers
v00FD0DD0_0 .net *"_s36", 31 0, L_01013870; 1 drivers
v00FD0E80_0 .net *"_s38", 31 0, L_01014000; 1 drivers
v00FD0E28_0 .net *"_s4", 0 0, L_01013D98; 1 drivers
v00FD0ED8_0 .net *"_s41", 30 0, C4<0000000000000000000000000000000>; 1 drivers
v00FD0F88_0 .net *"_s45", 0 0, L_01013CE8; 1 drivers
v00FD0BC0_0 .net *"_s49", 31 0, L_01013F50; 1 drivers
v01013520_0 .net *"_s51", 31 0, L_01013EA0; 1 drivers
v01013368_0 .net *"_s6", 1 0, L_01014108; 1 drivers
v010134C8_0 .net *"_s8", 1 0, L_010141B8; 1 drivers
v010133C0_0 .net "a", 31 0, v010130A8_0; 1 drivers
v01013578_0 .var "acc", 63 0;
v01013418_0 .net "b", 31 0, v010131B0_0; 1 drivers
v01013310_0 .alias "busy", 0 0, v01012760_0;
v01013470_0 .net "clk", 0 0, v01012A78_0; 1 drivers
v010135D0_0 .net "hm", 0 0, v01012AD0_0; 1 drivers
v01013628_0 .net "iload", 0 0, L_00FD9228; 1 drivers
v010132B8_0 .net "load", 0 0, v01012B28_0; 1 drivers
v01013680_0 .net "ma", 31 0, L_01013C90; 1 drivers
v01013208_0 .net "mb", 31 0, L_010138C8; 1 drivers
v01013260_0 .var "oa", 31 0;
v01012CE0_0 .var "ob", 31 0;
v01013100_0 .var "oua", 0 0;
v01012868_0 .var "oub", 0 0;
v01013158_0 .alias "out", 31 0, v01012B80_0;
v010128C0_0 .net "reset", 0 0, v01012C30_0; 1 drivers
v01012E98_0 .var "sha", 31 0;
v01012918_0 .var "shb", 63 0;
v01012970_0 .net "sma", 0 0, L_01014B40; 1 drivers
v01012F48_0 .net "ua", 0 0, v010139D0_0; 1 drivers
v01012708_0 .net "ub", 0 0, v01013A80_0; 1 drivers
E_00FD02D8 .event posedge, v010128C0_0, v01013470_0;
E_00FD05B8 .event posedge, v01013470_0;
L_01013EF8 .concat [ 32 32 0 0], v01012CE0_0, v01013260_0;
L_01014160 .concat [ 32 32 0 0], v010131B0_0, v010130A8_0;
L_01013D98 .cmp/ne 64, L_01013EF8, L_01014160;
L_01014108 .concat [ 1 1 0 0], v01012868_0, v01013100_0;
L_010141B8 .concat [ 1 1 0 0], v01013A80_0, v010139D0_0;
L_01013AD8 .cmp/ne 2, L_01014108, L_010141B8;
L_01013978 .part v010130A8_0, 31, 1;
L_01013B30 .functor MUXZ 32, v010130A8_0, L_01014AD0, L_01014B40, C4<>;
L_01013B88 .concat [ 1 31 0 0], L_01014B40, C4<0000000000000000000000000000000>;
L_01013C90 .arith/sum 32, L_01013B30, L_01013B88;
L_01013870 .functor MUXZ 32, v010131B0_0, L_01014C20, L_01014B40, C4<>;
L_01014000 .concat [ 1 31 0 0], L_01014B40, C4<0000000000000000000000000000000>;
L_010138C8 .arith/sum 32, L_01013870, L_01014000;
L_01013CE8 .reduce/or v01012E98_0;
L_01013F50 .part v01013578_0, 32, 32;
L_01013EA0 .part v01013578_0, 0, 32;
L_01013BE0 .functor MUXZ 32, L_01013EA0, L_01013F50, v01012AD0_0, C4<>;
    .scope S_00FE2938;
T_2 ;
    %wait E_00FD02D8;
    %load/v 8, v010128C0_0, 1;
    %jmp/0xz  T_2.0, 8;
    %ix/load 0, 32, 0;
    %assign/v0 v01013260_0, 0, 0;
    %ix/load 0, 1, 0;
    %assign/v0 v01013100_0, 0, 0;
    %jmp T_2.1;
T_2.0 ;
    %load/v 8, v010132B8_0, 1;
    %jmp/0xz  T_2.2, 8;
    %load/v 8, v010133C0_0, 32;
    %load/v 40, v01012F48_0, 1;
    %ix/load 0, 32, 0;
    %assign/v0 v01013260_0, 0, 8;
    %ix/load 0, 1, 0;
    %assign/v0 v01013100_0, 0, 40;
T_2.2 ;
T_2.1 ;
    %jmp T_2;
    .thread T_2;
    .scope S_00FE2938;
T_3 ;
    %wait E_00FD02D8;
    %load/v 8, v010128C0_0, 1;
    %jmp/0xz  T_3.0, 8;
    %ix/load 0, 32, 0;
    %assign/v0 v01012CE0_0, 0, 0;
    %ix/load 0, 1, 0;
    %assign/v0 v01012868_0, 0, 0;
    %jmp T_3.1;
T_3.0 ;
    %load/v 8, v010132B8_0, 1;
    %jmp/0xz  T_3.2, 8;
    %load/v 8, v01013418_0, 32;
    %load/v 40, v01012708_0, 1;
    %ix/load 0, 32, 0;
    %assign/v0 v01012CE0_0, 0, 8;
    %ix/load 0, 1, 0;
    %assign/v0 v01012868_0, 0, 40;
T_3.2 ;
T_3.1 ;
    %jmp T_3;
    .thread T_3;
    .scope S_00FE2938;
T_4 ;
    %set/v v01012E98_0, 0, 32;
    %end;
    .thread T_4;
    .scope S_00FE2938;
T_5 ;
    %wait E_00FD02D8;
    %load/v 8, v010128C0_0, 1;
    %jmp/0xz  T_5.0, 8;
    %ix/load 0, 32, 0;
    %assign/v0 v01012E98_0, 0, 0;
    %jmp T_5.1;
T_5.0 ;
    %load/v 8, v01013628_0, 1;
    %jmp/0  T_5.2, 8;
    %load/v 9, v01013680_0, 32;
    %jmp/1  T_5.4, 8;
T_5.2 ; End of true expr.
    %ix/load 1, 1, 0;
    %mov 4, 0, 1;
    %jmp/1 T_5.5, 4;
    %load/x1p 73, v01012E98_0, 31;
    %jmp T_5.6;
T_5.5 ;
    %mov 73, 2, 31;
T_5.6 ;
    %mov 41, 73, 31; Move signal select into place
    %mov 72, 0, 1;
    %jmp/0  T_5.3, 8;
 ; End of false expr.
    %blend  9, 41, 32; Condition unknown.
    %jmp  T_5.4;
T_5.3 ;
    %mov 9, 41, 32; Return false value
T_5.4 ;
    %ix/load 0, 32, 0;
    %assign/v0 v01012E98_0, 0, 9;
T_5.1 ;
    %jmp T_5;
    .thread T_5;
    .scope S_00FE2938;
T_6 ;
    %wait E_00FD05B8;
    %load/v 8, v01013628_0, 1;
    %jmp/0  T_6.0, 8;
    %load/v 9, v01013208_0, 32;
    %load/v 73, v01012708_0, 1;
    %jmp/0  T_6.3, 73;
    %mov 74, 0, 32;
    %jmp/1  T_6.5, 73;
T_6.3 ; End of true expr.
    %ix/load 1, 31, 0;
    %mov 4, 0, 1;
    %jmp/1 T_6.6, 4;
    %load/x1p 138, v01013208_0, 1;
    %jmp T_6.7;
T_6.6 ;
    %mov 138, 2, 1;
T_6.7 ;
    %mov 106, 138, 1; Move signal select into place
    %mov 137, 106, 1; Repetition 32
    %mov 136, 106, 1; Repetition 31
    %mov 135, 106, 1; Repetition 30
    %mov 134, 106, 1; Repetition 29
    %mov 133, 106, 1; Repetition 28
    %mov 132, 106, 1; Repetition 27
    %mov 131, 106, 1; Repetition 26
    %mov 130, 106, 1; Repetition 25
    %mov 129, 106, 1; Repetition 24
    %mov 128, 106, 1; Repetition 23
    %mov 127, 106, 1; Repetition 22
    %mov 126, 106, 1; Repetition 21
    %mov 125, 106, 1; Repetition 20
    %mov 124, 106, 1; Repetition 19
    %mov 123, 106, 1; Repetition 18
    %mov 122, 106, 1; Repetition 17
    %mov 121, 106, 1; Repetition 16
    %mov 120, 106, 1; Repetition 15
    %mov 119, 106, 1; Repetition 14
    %mov 118, 106, 1; Repetition 13
    %mov 117, 106, 1; Repetition 12
    %mov 116, 106, 1; Repetition 11
    %mov 115, 106, 1; Repetition 10
    %mov 114, 106, 1; Repetition 9
    %mov 113, 106, 1; Repetition 8
    %mov 112, 106, 1; Repetition 7
    %mov 111, 106, 1; Repetition 6
    %mov 110, 106, 1; Repetition 5
    %mov 109, 106, 1; Repetition 4
    %mov 108, 106, 1; Repetition 3
    %mov 107, 106, 1; Repetition 2
    %jmp/0  T_6.4, 73;
 ; End of false expr.
    %blend  74, 106, 32; Condition unknown.
    %jmp  T_6.5;
T_6.4 ;
    %mov 74, 106, 32; Return false value
T_6.5 ;
    %mov 41, 74, 32;
    %jmp/1  T_6.2, 8;
T_6.0 ; End of true expr.
    %mov 73, 0, 1;
    %load/v 74, v01012918_0, 63; Select 63 out of 64 bits
    %jmp/0  T_6.1, 8;
 ; End of false expr.
    %blend  9, 73, 64; Condition unknown.
    %jmp  T_6.2;
T_6.1 ;
    %mov 9, 73, 64; Return false value
T_6.2 ;
    %ix/load 0, 64, 0;
    %assign/v0 v01012918_0, 0, 9;
    %jmp T_6;
    .thread T_6;
    .scope S_00FE2938;
T_7 ;
    %wait E_00FD02D8;
    %load/v 8, v010128C0_0, 1;
    %jmp/0xz  T_7.0, 8;
    %ix/load 0, 64, 0;
    %assign/v0 v01013578_0, 0, 0;
    %jmp T_7.1;
T_7.0 ;
    %load/v 8, v01013628_0, 1;
    %load/v 9, v01012E98_0, 1; Only need 1 of 32 bits
; Save base=9 wid=1 in lookaside.
    %or 8, 9, 1;
    %jmp/0xz  T_7.2, 8;
    %load/v 8, v01013628_0, 1;
    %jmp/0  T_7.4, 8;
    %mov 9, 0, 65;
    %jmp/1  T_7.6, 8;
T_7.4 ; End of true expr.
    %load/v 74, v01013578_0, 64;
    %mov 138, 0, 1;
    %load/v 139, v01012918_0, 64;
    %mov 203, 0, 1;
    %add 74, 139, 65;
    %jmp/0  T_7.5, 8;
 ; End of false expr.
    %blend  9, 74, 65; Condition unknown.
    %jmp  T_7.6;
T_7.5 ;
    %mov 9, 74, 65; Return false value
T_7.6 ;
    %ix/load 0, 64, 0;
    %assign/v0 v01013578_0, 0, 9;
T_7.2 ;
T_7.1 ;
    %jmp T_7;
    .thread T_7;
    .scope S_00FE1D88;
T_8 ;
    %set/v v01012A78_0, 0, 1;
T_8.0 ;
    %delay 5000, 0;
    %load/v 8, v01012A78_0, 1;
    %inv 8, 1;
    %set/v v01012A78_0, 8, 1;
    %jmp T_8.0;
    %end;
    .thread T_8;
    .scope S_00FE1D88;
T_9 ;
    %vpi_call 2 143 "$dumpfile", "multiplier_4bit_tb.vcd";
    %vpi_call 2 144 "$dumpvars", 1'sb0, S_00FE1D88;
    %set/v v01012A20_0, 0, 32;
    %set/v v01012BD8_0, 0, 32;
    %set/v v01012C30_0, 1, 1;
    %set/v v010130A8_0, 0, 32;
    %set/v v010131B0_0, 0, 32;
    %set/v v010139D0_0, 0, 1;
    %set/v v01013A80_0, 0, 1;
    %set/v v01012AD0_0, 0, 1;
    %set/v v01012B28_0, 0, 1;
    %delay 20000, 0;
    %set/v v01012C30_0, 0, 1;
    %wait E_00FD05B8;
    %vpi_call 2 160 "$display", "\012========================================";
    %vpi_call 2 161 "$display", "  INICIO DE PRUEBAS DEL MULTIPLICADOR";
    %vpi_call 2 162 "$display", "========================================";
    %movi 8, 5, 32;
    %set/v v010129C8_0, 8, 32;
    %movi 8, 7, 32;
    %set/v v01012FA0_0, 8, 32;
    %set/v v01012D38_0, 1, 1;
    %set/v v01012FF8_0, 1, 1;
    %set/v v01012EF0_0, 0, 1;
    %movi 8, 543977335, 32;
    %movi 40, 2015377193, 32;
    %movi 72, 539505952, 32;
    %movi 104, 1931488043, 32;
    %movi 136, 1650551407, 32;
    %movi 168, 1316318496, 32;
    %movi 200, 0, 32;
    %movi 232, 0, 32;
    %set/v v010127B8_0, 8, 256;
    %fork TD_multiplier_4bit_tb.ejecutar_multiplicacion, S_00FE29C0;
    %join;
    %movi 8, 5, 32;
    %set/v v010129C8_0, 8, 32;
    %movi 8, 4294967289, 32;
    %set/v v01012FA0_0, 8, 32;
    %set/v v01012D38_0, 1, 1;
    %set/v v01012FF8_0, 0, 1;
    %set/v v01012EF0_0, 0, 1;
    %movi 8, 543977335, 32;
    %movi 40, 539834153, 32;
    %movi 72, 674570360, 32;
    %movi 104, 539700512, 32;
    %movi 136, 1634365299, 32;
    %movi 168, 1970085986, 32;
    %movi 200, 78, 32;
    %movi 232, 0, 32;
    %set/v v010127B8_0, 8, 256;
    %fork TD_multiplier_4bit_tb.ejecutar_multiplicacion, S_00FE29C0;
    %join;
    %movi 8, 4294967291, 32;
    %set/v v010129C8_0, 8, 32;
    %movi 8, 4294967289, 32;
    %set/v v01012FA0_0, 8, 32;
    %set/v v01012D38_0, 0, 1;
    %set/v v01012FF8_0, 0, 1;
    %set/v v01012EF0_0, 1, 1;
    %movi 8, 1751738216, 32;
    %movi 40, 758589728, 32;
    %movi 72, 891320352, 32;
    %movi 104, 757082157, 32;
    %movi 136, 1869815853, 32;
    %movi 168, 543318378, 32;
    %movi 200, 5141869, 32;
    %movi 232, 0, 32;
    %set/v v010127B8_0, 8, 256;
    %fork TD_multiplier_4bit_tb.ejecutar_multiplicacion, S_00FE29C0;
    %join;
    %vpi_call 2 299 "$display", "\012========================================";
    %vpi_call 2 300 "$display", "  RESUMEN DE PRUEBAS";
    %vpi_call 2 301 "$display", "========================================";
    %vpi_call 2 302 "$display", "Total de pruebas ejecutadas: %0d", v01012BD8_0;
    %vpi_call 2 303 "$display", "Errores encontrados: %0d", v01012A20_0;
    %load/v 8, v01012A20_0, 32;
    %cmpi/u 8, 0, 32;
    %jmp/0xz  T_9.0, 4;
    %vpi_call 2 305 "$display", "\302\241TODAS LAS PRUEBAS PASARON EXITOSAMENTE!";
    %jmp T_9.1;
T_9.0 ;
    %vpi_call 2 307 "$display", "ATENCION: Se encontraron errores en las pruebas";
T_9.1 ;
    %vpi_call 2 309 "$display", "========================================\012";
    %delay 100000, 0;
    %vpi_call 2 313 "$finish";
    %end;
    .thread T_9;
# The file index is used to find the file name in the following table.
:file_names 4;
    "N/A";
    "<interactive>";
    "multiplier_4bit_tb.v";
    "./mult_signo_ori.v";
