#! /c/iverilog/bin/vvp
:ivl_version "0.9.4 " "(v0_9_4)";
:vpi_time_precision - 12;
:vpi_module "system";
:vpi_module "v2005_math";
:vpi_module "va_math";
S_011AC538 .scope module, "multiplier_4bit_tb" "multiplier_4bit_tb" 2 3;
 .timescale -9 -12;
v011E3680_0 .var "a", 31 0;
v011E34C8_0 .var "b", 31 0;
v011E3520_0 .net "busy", 0 0, L_011E4980; 1 drivers
v011E3838_0 .var "clk", 0 0;
v011E3628_0 .var/i "errores", 31 0;
v011E36D8_0 .var "hm", 0 0;
v011E3730_0 .var "load", 0 0;
v011E3890_0 .net "out", 31 0, L_011E4318; 1 drivers
v011E3788_0 .var/i "pruebas", 31 0;
v011E37E0_0 .var "reset", 0 0;
v011E38E8_0 .var "resultado_capturado", 63 0;
v011E3EF8_0 .var "resultado_esperado", 63 0;
v011E3D40_0 .var "ua", 0 0;
v011E4000_0 .var "ub", 0 0;
S_011AC868 .scope task, "calcular_esperado" "calcular_esperado" 2 47, 2 47, S_011AC538;
 .timescale -9 -12;
v011E2F48_0 .var "esperado", 63 0;
v011E3158_0 .var "op_a", 31 0;
v011E3578_0 .var "op_b", 31 0;
v011E3470_0 .var "unsigned_a", 0 0;
v011E35D0_0 .var "unsigned_b", 0 0;
TD_multiplier_4bit_tb.calcular_esperado ;
    %load/v 8, v011E3470_0, 1;
    %load/v 9, v011E35D0_0, 1;
    %and 8, 9, 1;
    %jmp/0xz  T_0.0, 8;
    %load/v 8, v011E3158_0, 32;
    %movi 40, 0, 32;
    %load/v 72, v011E3578_0, 32;
    %movi 104, 0, 32;
    %mul 8, 72, 64;
    %set/v v011E2F48_0, 8, 64;
    %jmp T_0.1;
T_0.0 ;
    %load/v 8, v011E3470_0, 1;
    %inv 8, 1;
    %load/v 9, v011E35D0_0, 1;
    %inv 9, 1;
    %and 8, 9, 1;
    %jmp/0xz  T_0.2, 8;
    %load/v 8, v011E3158_0, 32;
    %ix/load 1, 31, 0;
    %mov 4, 0, 1;
    %jmp/1 T_0.4, 4;
    %load/x1p 104, v011E3158_0, 1;
    %jmp T_0.5;
T_0.4 ;
    %mov 104, 2, 1;
T_0.5 ;
    %mov 72, 104, 1; Move signal select into place
    %mov 103, 72, 1; Repetition 32
    %mov 102, 72, 1; Repetition 31
    %mov 101, 72, 1; Repetition 30
    %mov 100, 72, 1; Repetition 29
    %mov 99, 72, 1; Repetition 28
    %mov 98, 72, 1; Repetition 27
    %mov 97, 72, 1; Repetition 26
    %mov 96, 72, 1; Repetition 25
    %mov 95, 72, 1; Repetition 24
    %mov 94, 72, 1; Repetition 23
    %mov 93, 72, 1; Repetition 22
    %mov 92, 72, 1; Repetition 21
    %mov 91, 72, 1; Repetition 20
    %mov 90, 72, 1; Repetition 19
    %mov 89, 72, 1; Repetition 18
    %mov 88, 72, 1; Repetition 17
    %mov 87, 72, 1; Repetition 16
    %mov 86, 72, 1; Repetition 15
    %mov 85, 72, 1; Repetition 14
    %mov 84, 72, 1; Repetition 13
    %mov 83, 72, 1; Repetition 12
    %mov 82, 72, 1; Repetition 11
    %mov 81, 72, 1; Repetition 10
    %mov 80, 72, 1; Repetition 9
    %mov 79, 72, 1; Repetition 8
    %mov 78, 72, 1; Repetition 7
    %mov 77, 72, 1; Repetition 6
    %mov 76, 72, 1; Repetition 5
    %mov 75, 72, 1; Repetition 4
    %mov 74, 72, 1; Repetition 3
    %mov 73, 72, 1; Repetition 2
    %mov 40, 72, 32;
    %load/v 72, v011E3578_0, 32;
    %ix/load 1, 31, 0;
    %mov 4, 0, 1;
    %jmp/1 T_0.6, 4;
    %load/x1p 168, v011E3578_0, 1;
    %jmp T_0.7;
T_0.6 ;
    %mov 168, 2, 1;
T_0.7 ;
    %mov 136, 168, 1; Move signal select into place
    %mov 167, 136, 1; Repetition 32
    %mov 166, 136, 1; Repetition 31
    %mov 165, 136, 1; Repetition 30
    %mov 164, 136, 1; Repetition 29
    %mov 163, 136, 1; Repetition 28
    %mov 162, 136, 1; Repetition 27
    %mov 161, 136, 1; Repetition 26
    %mov 160, 136, 1; Repetition 25
    %mov 159, 136, 1; Repetition 24
    %mov 158, 136, 1; Repetition 23
    %mov 157, 136, 1; Repetition 22
    %mov 156, 136, 1; Repetition 21
    %mov 155, 136, 1; Repetition 20
    %mov 154, 136, 1; Repetition 19
    %mov 153, 136, 1; Repetition 18
    %mov 152, 136, 1; Repetition 17
    %mov 151, 136, 1; Repetition 16
    %mov 150, 136, 1; Repetition 15
    %mov 149, 136, 1; Repetition 14
    %mov 148, 136, 1; Repetition 13
    %mov 147, 136, 1; Repetition 12
    %mov 146, 136, 1; Repetition 11
    %mov 145, 136, 1; Repetition 10
    %mov 144, 136, 1; Repetition 9
    %mov 143, 136, 1; Repetition 8
    %mov 142, 136, 1; Repetition 7
    %mov 141, 136, 1; Repetition 6
    %mov 140, 136, 1; Repetition 5
    %mov 139, 136, 1; Repetition 4
    %mov 138, 136, 1; Repetition 3
    %mov 137, 136, 1; Repetition 2
    %mov 104, 136, 32;
    %mul 8, 72, 64;
    %set/v v011E2F48_0, 8, 64;
    %jmp T_0.3;
T_0.2 ;
    %load/v 8, v011E3470_0, 1;
    %inv 8, 1;
    %load/v 9, v011E35D0_0, 1;
    %and 8, 9, 1;
    %jmp/0xz  T_0.8, 8;
    %load/v 8, v011E3158_0, 32;
    %ix/load 1, 31, 0;
    %mov 4, 0, 1;
    %jmp/1 T_0.10, 4;
    %load/x1p 104, v011E3158_0, 1;
    %jmp T_0.11;
T_0.10 ;
    %mov 104, 2, 1;
T_0.11 ;
    %mov 72, 104, 1; Move signal select into place
    %mov 103, 72, 1; Repetition 32
    %mov 102, 72, 1; Repetition 31
    %mov 101, 72, 1; Repetition 30
    %mov 100, 72, 1; Repetition 29
    %mov 99, 72, 1; Repetition 28
    %mov 98, 72, 1; Repetition 27
    %mov 97, 72, 1; Repetition 26
    %mov 96, 72, 1; Repetition 25
    %mov 95, 72, 1; Repetition 24
    %mov 94, 72, 1; Repetition 23
    %mov 93, 72, 1; Repetition 22
    %mov 92, 72, 1; Repetition 21
    %mov 91, 72, 1; Repetition 20
    %mov 90, 72, 1; Repetition 19
    %mov 89, 72, 1; Repetition 18
    %mov 88, 72, 1; Repetition 17
    %mov 87, 72, 1; Repetition 16
    %mov 86, 72, 1; Repetition 15
    %mov 85, 72, 1; Repetition 14
    %mov 84, 72, 1; Repetition 13
    %mov 83, 72, 1; Repetition 12
    %mov 82, 72, 1; Repetition 11
    %mov 81, 72, 1; Repetition 10
    %mov 80, 72, 1; Repetition 9
    %mov 79, 72, 1; Repetition 8
    %mov 78, 72, 1; Repetition 7
    %mov 77, 72, 1; Repetition 6
    %mov 76, 72, 1; Repetition 5
    %mov 75, 72, 1; Repetition 4
    %mov 74, 72, 1; Repetition 3
    %mov 73, 72, 1; Repetition 2
    %mov 40, 72, 32;
    %load/v 72, v011E3578_0, 32;
    %movi 104, 0, 32;
    %mul 8, 72, 64;
    %set/v v011E2F48_0, 8, 64;
    %jmp T_0.9;
T_0.8 ;
    %load/v 8, v011E3158_0, 32;
    %movi 40, 0, 32;
    %load/v 72, v011E3578_0, 32;
    %ix/load 1, 31, 0;
    %mov 4, 0, 1;
    %jmp/1 T_0.12, 4;
    %load/x1p 168, v011E3578_0, 1;
    %jmp T_0.13;
T_0.12 ;
    %mov 168, 2, 1;
T_0.13 ;
    %mov 136, 168, 1; Move signal select into place
    %mov 167, 136, 1; Repetition 32
    %mov 166, 136, 1; Repetition 31
    %mov 165, 136, 1; Repetition 30
    %mov 164, 136, 1; Repetition 29
    %mov 163, 136, 1; Repetition 28
    %mov 162, 136, 1; Repetition 27
    %mov 161, 136, 1; Repetition 26
    %mov 160, 136, 1; Repetition 25
    %mov 159, 136, 1; Repetition 24
    %mov 158, 136, 1; Repetition 23
    %mov 157, 136, 1; Repetition 22
    %mov 156, 136, 1; Repetition 21
    %mov 155, 136, 1; Repetition 20
    %mov 154, 136, 1; Repetition 19
    %mov 153, 136, 1; Repetition 18
    %mov 152, 136, 1; Repetition 17
    %mov 151, 136, 1; Repetition 16
    %mov 150, 136, 1; Repetition 15
    %mov 149, 136, 1; Repetition 14
    %mov 148, 136, 1; Repetition 13
    %mov 147, 136, 1; Repetition 12
    %mov 146, 136, 1; Repetition 11
    %mov 145, 136, 1; Repetition 10
    %mov 144, 136, 1; Repetition 9
    %mov 143, 136, 1; Repetition 8
    %mov 142, 136, 1; Repetition 7
    %mov 141, 136, 1; Repetition 6
    %mov 140, 136, 1; Repetition 5
    %mov 139, 136, 1; Repetition 4
    %mov 138, 136, 1; Repetition 3
    %mov 137, 136, 1; Repetition 2
    %mov 104, 136, 32;
    %mul 8, 72, 64;
    %set/v v011E2F48_0, 8, 64;
T_0.9 ;
T_0.3 ;
T_0.1 ;
    %end;
S_011AC208 .scope task, "ejecutar_multiplicacion" "ejecutar_multiplicacion" 2 72, 2 72, S_011AC538;
 .timescale -9 -12;
v011E2D90_0 .var "descripcion", 255 0;
v011E2AD0_0 .var "obtener_high", 0 0;
v011E2C88_0 .var "op_a", 31 0;
v011E2D38_0 .var "op_b", 31 0;
v011E2E98_0 .var "unsigned_a", 0 0;
v011E2A20_0 .var "unsigned_b", 0 0;
E_01199308 .event edge, v011E3310_0;
TD_multiplier_4bit_tb.ejecutar_multiplicacion ;
    %ix/load 0, 1, 0;
    %load/vp0/s 8, v011E3788_0, 33;
    %vpi_call 2 80 "$display", "\012=== Prueba %0d: %0s ===", T<8,33,s>, v011E2D90_0;
    %load/v 8, v011E2E98_0, 1;
    %jmp/0  T_1.14, 8;
    %load/v 9, v011E2C88_0, 32;
    %jmp/1  T_1.16, 8;
T_1.14 ; End of true expr.
    %load/v 41, v011E2C88_0, 32;
    %jmp/0  T_1.15, 8;
 ; End of false expr.
    %blend  9, 41, 32; Condition unknown.
    %jmp  T_1.16;
T_1.15 ;
    %mov 9, 41, 32; Return false value
T_1.16 ;
    %load/v 8, v011E2A20_0, 1;
    %jmp/0  T_1.17, 8;
    %load/v 41, v011E2D38_0, 32;
    %jmp/1  T_1.19, 8;
T_1.17 ; End of true expr.
    %load/v 73, v011E2D38_0, 32;
    %jmp/0  T_1.18, 8;
 ; End of false expr.
    %blend  41, 73, 32; Condition unknown.
    %jmp  T_1.19;
T_1.18 ;
    %mov 41, 73, 32; Return false value
T_1.19 ;
    %vpi_call 2 81 "$display", "A = %d (0x%08h), B = %d (0x%08h)", T<9,32,u>, v011E2C88_0, T<41,32,u>, v011E2D38_0;
    %vpi_call 2 84 "$display", "UA = %b, UB = %b, HM = %b", v011E2E98_0, v011E2A20_0, v011E2AD0_0;
    %load/v 8, v011E2C88_0, 32;
    %set/v v011E3680_0, 8, 32;
    %load/v 8, v011E2D38_0, 32;
    %set/v v011E34C8_0, 8, 32;
    %load/v 8, v011E2E98_0, 1;
    %set/v v011E3D40_0, 8, 1;
    %load/v 8, v011E2A20_0, 1;
    %set/v v011E4000_0, 8, 1;
    %load/v 8, v011E2AD0_0, 1;
    %set/v v011E36D8_0, 8, 1;
    %load/v 8, v011E2C88_0, 32;
    %set/v v011E3158_0, 8, 32;
    %load/v 8, v011E2D38_0, 32;
    %set/v v011E3578_0, 8, 32;
    %load/v 8, v011E2E98_0, 1;
    %set/v v011E3470_0, 8, 1;
    %load/v 8, v011E2A20_0, 1;
    %set/v v011E35D0_0, 8, 1;
    %fork TD_multiplier_4bit_tb.calcular_esperado, S_011AC868;
    %join;
    %load/v 8, v011E2F48_0, 64;
    %set/v v011E3EF8_0, 8, 64;
    %delay 2000, 0;
    %set/v v011E3730_0, 1, 1;
    %delay 10000, 0;
    %set/v v011E3730_0, 0, 1;
T_1.20 ;
    %load/v 8, v011E3520_0, 1;
    %inv 8, 1;
    %cmpi/u 8, 1, 1;
    %inv 6, 1;
    %jmp/0xz T_1.21, 6;
    %wait E_01199308;
    %jmp T_1.20;
T_1.21 ;
    %delay 2000, 0;
    %load/v 8, v011E2AD0_0, 1;
    %inv 8, 1;
    %jmp/0xz  T_1.22, 8;
    %load/v 8, v011E3890_0, 32;
    %mov 40, 0, 32;
    %set/v v011E38E8_0, 8, 64;
    %vpi_call 2 107 "$display", "Resultado (low): 0x%08h", v011E3890_0;
    %vpi_call 2 108 "$display", "Esperado  (low): 0x%08h", &PV<v011E3EF8_0, 0, 32>;
    %load/v 8, v011E3890_0, 32;
    %load/v 40, v011E3EF8_0, 32; Only need 32 of 64 bits
; Save base=40 wid=32 in lookaside.
    %cmp/u 8, 40, 32;
    %inv 6, 1;
    %jmp/0xz  T_1.24, 6;
    %vpi_call 2 111 "$display", "ERROR: Resultado incorrecto en palabra baja!";
    %load/v 8, v011E3628_0, 32;
    %mov 40, 39, 1;
    %addi 8, 1, 33;
    %set/v v011E3628_0, 8, 32;
    %jmp T_1.25;
T_1.24 ;
    %vpi_call 2 114 "$display", "CORRECTO: Palabra baja";
T_1.25 ;
T_1.22 ;
    %load/v 8, v011E2AD0_0, 1;
    %jmp/0xz  T_1.26, 8;
    %load/v 8, v011E3890_0, 32;
    %mov 40, 0, 32;
    %set/v v011E38E8_0, 8, 64;
    %vpi_call 2 124 "$display", "Resultado (high): 0x%08h", v011E3890_0;
    %vpi_call 2 125 "$display", "Esperado  (high): 0x%08h", &PV<v011E3EF8_0, 32, 32>;
    %load/v 8, v011E3890_0, 32;
    %ix/load 1, 32, 0;
    %mov 4, 0, 1;
    %jmp/1 T_1.28, 4;
    %load/x1p 40, v011E3EF8_0, 32;
    %jmp T_1.29;
T_1.28 ;
    %mov 40, 2, 32;
T_1.29 ;
; Save base=40 wid=32 in lookaside.
    %cmp/u 8, 40, 32;
    %inv 6, 1;
    %jmp/0xz  T_1.30, 6;
    %vpi_call 2 128 "$display", "ERROR: Resultado incorrecto en palabra alta!";
    %load/v 8, v011E3628_0, 32;
    %mov 40, 39, 1;
    %addi 8, 1, 33;
    %set/v v011E3628_0, 8, 32;
    %jmp T_1.31;
T_1.30 ;
    %vpi_call 2 131 "$display", "CORRECTO: Palabra alta";
T_1.31 ;
T_1.26 ;
    %load/v 8, v011E3788_0, 32;
    %mov 40, 39, 1;
    %addi 8, 1, 33;
    %set/v v011E3788_0, 8, 32;
    %wait E_011990A8;
    %end;
S_011AC758 .scope module, "DUT" "multiplier" 2 25, 3 15, S_011AC538;
 .timescale -9 -12;
L_011A9448 .functor AND 1, v011E36D8_0, L_011E3F50, C4<1>, C4<1>;
L_011A8F40 .functor OR 1, L_011E3FA8, L_011A9448, C4<0>, C4<0>;
L_011A9020 .functor AND 1, v011E3730_0, L_011A8F40, C4<1>, C4<1>;
L_011A9608 .functor NOT 1, v011E3D40_0, C4<0>, C4<0>, C4<0>;
L_011E4A28 .functor AND 1, L_011A9608, L_011E4268, C4<1>, C4<1>;
L_011E4E18 .functor NOT 32, v011E3680_0, C4<00000000000000000000000000000000>, C4<00000000000000000000000000000000>, C4<00000000000000000000000000000000>;
L_011E5048 .functor NOT 32, v011E34C8_0, C4<00000000000000000000000000000000>, C4<00000000000000000000000000000000>, C4<00000000000000000000000000000000>;
L_011E4980 .functor OR 1, L_011A9020, L_011E41B8, C4<0>, C4<0>;
v01199CE8_0 .net *"_s0", 63 0, L_011E4058; 1 drivers
v01199AD8_0 .net *"_s10", 0 0, L_011E3F50; 1 drivers
v0119A058_0 .net *"_s12", 0 0, L_011A9448; 1 drivers
v01199A80_0 .net *"_s14", 0 0, L_011A8F40; 1 drivers
v01199B30_0 .net *"_s18", 0 0, L_011A9608; 1 drivers
v01199D40_0 .net *"_s2", 63 0, L_011E3EA0; 1 drivers
v01199920_0 .net *"_s21", 0 0, L_011E4268; 1 drivers
v01199C38_0 .net *"_s24", 31 0, L_011E4E18; 1 drivers
v01199978_0 .net *"_s26", 31 0, L_011E3A28; 1 drivers
v011999D0_0 .net *"_s28", 31 0, L_011E40B0; 1 drivers
v01199D98_0 .net *"_s31", 30 0, C4<0000000000000000000000000000000>; 1 drivers
v01199F50_0 .net *"_s34", 31 0, L_011E5048; 1 drivers
v01199FA8_0 .net *"_s36", 31 0, L_011E4420; 1 drivers
v01199DF0_0 .net *"_s38", 31 0, L_011E3A80; 1 drivers
v01199EA0_0 .net *"_s4", 0 0, L_011E3FA8; 1 drivers
v01199A28_0 .net *"_s41", 30 0, C4<0000000000000000000000000000000>; 1 drivers
v01199E48_0 .net *"_s45", 0 0, L_011E41B8; 1 drivers
v01199EF8_0 .net *"_s49", 31 0, L_011E4210; 1 drivers
v011E2EF0_0 .net *"_s51", 31 0, L_011E42C0; 1 drivers
v011E32B8_0 .net *"_s6", 1 0, L_011E4160; 1 drivers
v011E31B0_0 .net *"_s8", 1 0, L_011E3D98; 1 drivers
v011E2BD8_0 .net "a", 31 0, v011E3680_0; 1 drivers
v011E2B28_0 .var "acc", 63 0;
v011E3418_0 .net "b", 31 0, v011E34C8_0; 1 drivers
v011E3310_0 .alias "busy", 0 0, v011E3520_0;
v011E3050_0 .net "clk", 0 0, v011E3838_0; 1 drivers
v011E2FA0_0 .net "hm", 0 0, v011E36D8_0; 1 drivers
v011E30A8_0 .net "iload", 0 0, L_011A9020; 1 drivers
v011E2970_0 .net "load", 0 0, v011E3730_0; 1 drivers
v011E2B80_0 .net "ma", 31 0, L_011E3C90; 1 drivers
v011E2CE0_0 .net "mb", 31 0, L_011E4108; 1 drivers
v011E3368_0 .var "oa", 31 0;
v011E2A78_0 .var "ob", 31 0;
v011E3260_0 .var "oua", 0 0;
v011E3208_0 .var "oub", 0 0;
v011E33C0_0 .alias "out", 31 0, v011E3890_0;
v011E2C30_0 .net "reset", 0 0, v011E37E0_0; 1 drivers
v011E2E40_0 .var "sha", 31 0;
v011E3100_0 .var "shb", 63 0;
v011E2FF8_0 .net "sma", 0 0, L_011E4A28; 1 drivers
v011E29C8_0 .net "ua", 0 0, v011E3D40_0; 1 drivers
v011E2DE8_0 .net "ub", 0 0, v011E4000_0; 1 drivers
E_01198DC8 .event posedge, v011E2C30_0, v011E3050_0;
E_011990A8 .event posedge, v011E3050_0;
L_011E4058 .concat [ 32 32 0 0], v011E2A78_0, v011E3368_0;
L_011E3EA0 .concat [ 32 32 0 0], v011E34C8_0, v011E3680_0;
L_011E3FA8 .cmp/ne 64, L_011E4058, L_011E3EA0;
L_011E4160 .concat [ 1 1 0 0], v011E3208_0, v011E3260_0;
L_011E3D98 .concat [ 1 1 0 0], v011E4000_0, v011E3D40_0;
L_011E3F50 .cmp/ne 2, L_011E4160, L_011E3D98;
L_011E4268 .part v011E3680_0, 31, 1;
L_011E3A28 .functor MUXZ 32, v011E3680_0, L_011E4E18, L_011E4A28, C4<>;
L_011E40B0 .concat [ 1 31 0 0], L_011E4A28, C4<0000000000000000000000000000000>;
L_011E3C90 .arith/sum 32, L_011E3A28, L_011E40B0;
L_011E4420 .functor MUXZ 32, v011E34C8_0, L_011E5048, L_011E4A28, C4<>;
L_011E3A80 .concat [ 1 31 0 0], L_011E4A28, C4<0000000000000000000000000000000>;
L_011E4108 .arith/sum 32, L_011E4420, L_011E3A80;
L_011E41B8 .reduce/or v011E2E40_0;
L_011E4210 .part v011E2B28_0, 32, 32;
L_011E42C0 .part v011E2B28_0, 0, 32;
L_011E4318 .functor MUXZ 32, L_011E42C0, L_011E4210, v011E36D8_0, C4<>;
    .scope S_011AC758;
T_2 ;
    %wait E_01198DC8;
    %load/v 8, v011E2C30_0, 1;
    %jmp/0xz  T_2.0, 8;
    %ix/load 0, 32, 0;
    %assign/v0 v011E3368_0, 0, 0;
    %ix/load 0, 1, 0;
    %assign/v0 v011E3260_0, 0, 0;
    %jmp T_2.1;
T_2.0 ;
    %load/v 8, v011E2970_0, 1;
    %jmp/0xz  T_2.2, 8;
    %load/v 8, v011E2BD8_0, 32;
    %load/v 40, v011E29C8_0, 1;
    %ix/load 0, 32, 0;
    %assign/v0 v011E3368_0, 0, 8;
    %ix/load 0, 1, 0;
    %assign/v0 v011E3260_0, 0, 40;
T_2.2 ;
T_2.1 ;
    %jmp T_2;
    .thread T_2;
    .scope S_011AC758;
T_3 ;
    %wait E_01198DC8;
    %load/v 8, v011E2C30_0, 1;
    %jmp/0xz  T_3.0, 8;
    %ix/load 0, 32, 0;
    %assign/v0 v011E2A78_0, 0, 0;
    %ix/load 0, 1, 0;
    %assign/v0 v011E3208_0, 0, 0;
    %jmp T_3.1;
T_3.0 ;
    %load/v 8, v011E2970_0, 1;
    %jmp/0xz  T_3.2, 8;
    %load/v 8, v011E3418_0, 32;
    %load/v 40, v011E2DE8_0, 1;
    %ix/load 0, 32, 0;
    %assign/v0 v011E2A78_0, 0, 8;
    %ix/load 0, 1, 0;
    %assign/v0 v011E3208_0, 0, 40;
T_3.2 ;
T_3.1 ;
    %jmp T_3;
    .thread T_3;
    .scope S_011AC758;
T_4 ;
    %set/v v011E2E40_0, 0, 32;
    %end;
    .thread T_4;
    .scope S_011AC758;
T_5 ;
    %wait E_01198DC8;
    %load/v 8, v011E2C30_0, 1;
    %jmp/0xz  T_5.0, 8;
    %ix/load 0, 32, 0;
    %assign/v0 v011E2E40_0, 0, 0;
    %jmp T_5.1;
T_5.0 ;
    %load/v 8, v011E30A8_0, 1;
    %jmp/0  T_5.2, 8;
    %load/v 9, v011E2B80_0, 32;
    %jmp/1  T_5.4, 8;
T_5.2 ; End of true expr.
    %ix/load 1, 1, 0;
    %mov 4, 0, 1;
    %jmp/1 T_5.5, 4;
    %load/x1p 73, v011E2E40_0, 31;
    %jmp T_5.6;
T_5.5 ;
    %mov 73, 2, 31;
T_5.6 ;
    %mov 41, 73, 31; Move signal select into place
    %mov 72, 0, 1;
    %jmp/0  T_5.3, 8;
 ; End of false expr.
    %blend  9, 41, 32; Condition unknown.
    %jmp  T_5.4;
T_5.3 ;
    %mov 9, 41, 32; Return false value
T_5.4 ;
    %ix/load 0, 32, 0;
    %assign/v0 v011E2E40_0, 0, 9;
T_5.1 ;
    %jmp T_5;
    .thread T_5;
    .scope S_011AC758;
T_6 ;
    %wait E_011990A8;
    %load/v 8, v011E30A8_0, 1;
    %jmp/0  T_6.0, 8;
    %load/v 9, v011E2CE0_0, 32;
    %load/v 73, v011E2DE8_0, 1;
    %jmp/0  T_6.3, 73;
    %mov 74, 0, 32;
    %jmp/1  T_6.5, 73;
T_6.3 ; End of true expr.
    %ix/load 1, 31, 0;
    %mov 4, 0, 1;
    %jmp/1 T_6.6, 4;
    %load/x1p 138, v011E2CE0_0, 1;
    %jmp T_6.7;
T_6.6 ;
    %mov 138, 2, 1;
T_6.7 ;
    %mov 106, 138, 1; Move signal select into place
    %mov 137, 106, 1; Repetition 32
    %mov 136, 106, 1; Repetition 31
    %mov 135, 106, 1; Repetition 30
    %mov 134, 106, 1; Repetition 29
    %mov 133, 106, 1; Repetition 28
    %mov 132, 106, 1; Repetition 27
    %mov 131, 106, 1; Repetition 26
    %mov 130, 106, 1; Repetition 25
    %mov 129, 106, 1; Repetition 24
    %mov 128, 106, 1; Repetition 23
    %mov 127, 106, 1; Repetition 22
    %mov 126, 106, 1; Repetition 21
    %mov 125, 106, 1; Repetition 20
    %mov 124, 106, 1; Repetition 19
    %mov 123, 106, 1; Repetition 18
    %mov 122, 106, 1; Repetition 17
    %mov 121, 106, 1; Repetition 16
    %mov 120, 106, 1; Repetition 15
    %mov 119, 106, 1; Repetition 14
    %mov 118, 106, 1; Repetition 13
    %mov 117, 106, 1; Repetition 12
    %mov 116, 106, 1; Repetition 11
    %mov 115, 106, 1; Repetition 10
    %mov 114, 106, 1; Repetition 9
    %mov 113, 106, 1; Repetition 8
    %mov 112, 106, 1; Repetition 7
    %mov 111, 106, 1; Repetition 6
    %mov 110, 106, 1; Repetition 5
    %mov 109, 106, 1; Repetition 4
    %mov 108, 106, 1; Repetition 3
    %mov 107, 106, 1; Repetition 2
    %jmp/0  T_6.4, 73;
 ; End of false expr.
    %blend  74, 106, 32; Condition unknown.
    %jmp  T_6.5;
T_6.4 ;
    %mov 74, 106, 32; Return false value
T_6.5 ;
    %mov 41, 74, 32;
    %jmp/1  T_6.2, 8;
T_6.0 ; End of true expr.
    %mov 73, 0, 1;
    %load/v 74, v011E3100_0, 63; Select 63 out of 64 bits
    %jmp/0  T_6.1, 8;
 ; End of false expr.
    %blend  9, 73, 64; Condition unknown.
    %jmp  T_6.2;
T_6.1 ;
    %mov 9, 73, 64; Return false value
T_6.2 ;
    %ix/load 0, 64, 0;
    %assign/v0 v011E3100_0, 0, 9;
    %jmp T_6;
    .thread T_6;
    .scope S_011AC758;
T_7 ;
    %wait E_01198DC8;
    %load/v 8, v011E2C30_0, 1;
    %jmp/0xz  T_7.0, 8;
    %ix/load 0, 64, 0;
    %assign/v0 v011E2B28_0, 0, 0;
    %jmp T_7.1;
T_7.0 ;
    %load/v 8, v011E30A8_0, 1;
    %load/v 9, v011E2E40_0, 1; Only need 1 of 32 bits
; Save base=9 wid=1 in lookaside.
    %or 8, 9, 1;
    %jmp/0xz  T_7.2, 8;
    %load/v 8, v011E30A8_0, 1;
    %jmp/0  T_7.4, 8;
    %mov 9, 0, 65;
    %jmp/1  T_7.6, 8;
T_7.4 ; End of true expr.
    %load/v 74, v011E2B28_0, 64;
    %mov 138, 0, 1;
    %load/v 139, v011E3100_0, 64;
    %mov 203, 0, 1;
    %add 74, 139, 65;
    %jmp/0  T_7.5, 8;
 ; End of false expr.
    %blend  9, 74, 65; Condition unknown.
    %jmp  T_7.6;
T_7.5 ;
    %mov 9, 74, 65; Return false value
T_7.6 ;
    %ix/load 0, 64, 0;
    %assign/v0 v011E2B28_0, 0, 9;
T_7.2 ;
T_7.1 ;
    %jmp T_7;
    .thread T_7;
    .scope S_011AC538;
T_8 ;
    %set/v v011E3838_0, 0, 1;
T_8.0 ;
    %delay 5000, 0;
    %load/v 8, v011E3838_0, 1;
    %inv 8, 1;
    %set/v v011E3838_0, 8, 1;
    %jmp T_8.0;
    %end;
    .thread T_8;
    .scope S_011AC538;
T_9 ;
    %vpi_call 2 143 "$dumpfile", "multiplier_4bit_tb.vcd";
    %vpi_call 2 144 "$dumpvars", 1'sb0, S_011AC538;
    %set/v v011E3628_0, 0, 32;
    %set/v v011E3788_0, 0, 32;
    %set/v v011E37E0_0, 1, 1;
    %set/v v011E3680_0, 0, 32;
    %set/v v011E34C8_0, 0, 32;
    %set/v v011E3D40_0, 0, 1;
    %set/v v011E4000_0, 0, 1;
    %set/v v011E36D8_0, 0, 1;
    %set/v v011E3730_0, 0, 1;
    %delay 20000, 0;
    %set/v v011E37E0_0, 0, 1;
    %wait E_011990A8;
    %vpi_call 2 160 "$display", "\012========================================";
    %vpi_call 2 161 "$display", "  INICIO DE PRUEBAS DEL MULTIPLICADOR";
    %vpi_call 2 162 "$display", "========================================";
    %movi 8, 5, 32;
    %set/v v011E2C88_0, 8, 32;
    %movi 8, 7, 32;
    %set/v v011E2D38_0, 8, 32;
    %set/v v011E2E98_0, 1, 1;
    %set/v v011E2A20_0, 1, 1;
    %set/v v011E2AD0_0, 0, 1;
    %movi 8, 543977335, 32;
    %movi 40, 2015377193, 32;
    %movi 72, 539505952, 32;
    %movi 104, 1931488043, 32;
    %movi 136, 1650551407, 32;
    %movi 168, 1316318496, 32;
    %movi 200, 0, 32;
    %movi 232, 0, 32;
    %set/v v011E2D90_0, 8, 256;
    %fork TD_multiplier_4bit_tb.ejecutar_multiplicacion, S_011AC208;
    %join;
    %movi 8, 5, 32;
    %set/v v011E2C88_0, 8, 32;
    %movi 8, 4294967289, 32;
    %set/v v011E2D38_0, 8, 32;
    %set/v v011E2E98_0, 1, 1;
    %set/v v011E2A20_0, 0, 1;
    %set/v v011E2AD0_0, 0, 1;
    %movi 8, 543977335, 32;
    %movi 40, 539834153, 32;
    %movi 72, 674570360, 32;
    %movi 104, 539700512, 32;
    %movi 136, 1634365299, 32;
    %movi 168, 1970085986, 32;
    %movi 200, 78, 32;
    %movi 232, 0, 32;
    %set/v v011E2D90_0, 8, 256;
    %fork TD_multiplier_4bit_tb.ejecutar_multiplicacion, S_011AC208;
    %join;
    %movi 8, 4294967291, 32;
    %set/v v011E2C88_0, 8, 32;
    %movi 8, 4294967289, 32;
    %set/v v011E2D38_0, 8, 32;
    %set/v v011E2E98_0, 0, 1;
    %set/v v011E2A20_0, 0, 1;
    %set/v v011E2AD0_0, 1, 1;
    %movi 8, 1751738216, 32;
    %movi 40, 758589728, 32;
    %movi 72, 891320352, 32;
    %movi 104, 757082157, 32;
    %movi 136, 1869815853, 32;
    %movi 168, 543318378, 32;
    %movi 200, 5141869, 32;
    %movi 232, 0, 32;
    %set/v v011E2D90_0, 8, 256;
    %fork TD_multiplier_4bit_tb.ejecutar_multiplicacion, S_011AC208;
    %join;
    %vpi_call 2 299 "$display", "\012========================================";
    %vpi_call 2 300 "$display", "  RESUMEN DE PRUEBAS";
    %vpi_call 2 301 "$display", "========================================";
    %vpi_call 2 302 "$display", "Total de pruebas ejecutadas: %0d", v011E3788_0;
    %vpi_call 2 303 "$display", "Errores encontrados: %0d", v011E3628_0;
    %load/v 8, v011E3628_0, 32;
    %cmpi/u 8, 0, 32;
    %jmp/0xz  T_9.0, 4;
    %vpi_call 2 305 "$display", "\302\241TODAS LAS PRUEBAS PASARON EXITOSAMENTE!";
    %jmp T_9.1;
T_9.0 ;
    %vpi_call 2 307 "$display", "ATENCION: Se encontraron errores en las pruebas";
T_9.1 ;
    %vpi_call 2 309 "$display", "========================================\012";
    %delay 100000, 0;
    %vpi_call 2 313 "$finish";
    %end;
    .thread T_9;
# The file index is used to find the file name in the following table.
:file_names 4;
    "N/A";
    "<interactive>";
    "multiplier_4bit_tb.v";
    "./mult_signo_ori.v";
